<?xml version="1.0" encoding="utf-8"?>
<TestRun id="706facf2-c615-41b4-afa1-52db4df04d9b" name="Zainm@DESKTOP-KC2OR95 2024-06-20 16:20:26" runUser="DESKTOP-KC2OR95\Zainm" xmlns="http://microsoft.com/schemas/VisualStudio/TeamTest/2010">
  <Times creation="2024-06-20T16:20:26.6706717+05:00" queuing="2024-06-20T16:20:26.6706717+05:00" start="2024-06-20T15:48:08.6475356+05:00" finish="2024-06-20T16:20:32.9103086+05:00" />
  <TestSettings name="default" id="be86af8a-6c6f-4cd1-a073-4655bbd41495">
    <Deployment runDeploymentRoot="Zainm_DESKTOP-KC2OR95_2024-06-20_16_20_26" />
  </TestSettings>
  <Results>
    <UnitTestResult executionId="a3ab1083-a3ed-453f-8753-9727ee53f038" testId="7d88a413-02a4-703e-5ef0-8fe856db14ae" testName="Attempt_To_Add_New_Questions_In_Existing_Quizs_TC006 (Data Row 2)" computerName="DESKTOP-KC2OR95" duration="00:01:18.4753577" startTime="2024-06-20T15:48:08.9609236+05:00" endTime="2024-06-20T16:20:26.6144670+05:00" testType="13cdc9d9-ddb5-4fa4-a97d-d965ccfc6d4b" outcome="Passed" testListId="8c84fa94-04c1-424b-9868-57a2d4851a1d" relativeResultsDirectory="a3ab1083-a3ed-453f-8753-9727ee53f038" />
    <UnitTestResult executionId="5a23d460-582c-4dcf-a443-9defd59da61a" testId="7d88a413-02a4-703e-5ef0-8fe856db14ae" testName="Attempt_To_Add_New_Questions_In_Existing_Quizs_TC006 (Data Row 12)" computerName="DESKTOP-KC2OR95" duration="00:01:19.1203036" startTime="2024-06-20T15:48:08.9609236+05:00" endTime="2024-06-20T16:20:26.6144670+05:00" testType="13cdc9d9-ddb5-4fa4-a97d-d965ccfc6d4b" outcome="Passed" testListId="8c84fa94-04c1-424b-9868-57a2d4851a1d" relativeResultsDirectory="5a23d460-582c-4dcf-a443-9defd59da61a" />
    <UnitTestResult executionId="e2f9999c-de00-49e6-95e3-5e758020b58c" testId="7d88a413-02a4-703e-5ef0-8fe856db14ae" testName="Attempt_To_Add_New_Questions_In_Existing_Quizs_TC006 (Data Row 1)" computerName="DESKTOP-KC2OR95" duration="00:01:27.5150890" startTime="2024-06-20T15:48:08.9609236+05:00" endTime="2024-06-20T16:20:26.6144670+05:00" testType="13cdc9d9-ddb5-4fa4-a97d-d965ccfc6d4b" outcome="Passed" testListId="8c84fa94-04c1-424b-9868-57a2d4851a1d" relativeResultsDirectory="e2f9999c-de00-49e6-95e3-5e758020b58c" />
    <UnitTestResult executionId="155b8035-280f-4ffb-acc5-f961dd6e336c" testId="7d88a413-02a4-703e-5ef0-8fe856db14ae" testName="Attempt_To_Add_New_Questions_In_Existing_Quizs_TC006 (Data Row 22)" computerName="DESKTOP-KC2OR95" duration="00:01:20.7633394" startTime="2024-06-20T15:48:08.9609236+05:00" endTime="2024-06-20T16:20:26.6144670+05:00" testType="13cdc9d9-ddb5-4fa4-a97d-d965ccfc6d4b" outcome="Passed" testListId="8c84fa94-04c1-424b-9868-57a2d4851a1d" relativeResultsDirectory="155b8035-280f-4ffb-acc5-f961dd6e336c" />
    <UnitTestResult executionId="6cccf0bb-1273-4c9f-b1cc-bedd4a495fe0" testId="7d88a413-02a4-703e-5ef0-8fe856db14ae" testName="Attempt_To_Add_New_Questions_In_Existing_Quizs_TC006 (Data Row 14)" computerName="DESKTOP-KC2OR95" duration="00:01:22.0468725" startTime="2024-06-20T15:48:08.9609236+05:00" endTime="2024-06-20T16:20:26.6144670+05:00" testType="13cdc9d9-ddb5-4fa4-a97d-d965ccfc6d4b" outcome="Passed" testListId="8c84fa94-04c1-424b-9868-57a2d4851a1d" relativeResultsDirectory="6cccf0bb-1273-4c9f-b1cc-bedd4a495fe0" />
    <UnitTestResult executionId="0ba7d814-2fca-4ce4-9ec9-b5fd7f11aec7" testId="7d88a413-02a4-703e-5ef0-8fe856db14ae" testName="Attempt_To_Add_New_Questions_In_Existing_Quizs_TC006 (Data Row 9)" computerName="DESKTOP-KC2OR95" duration="00:01:19.9631874" startTime="2024-06-20T15:48:08.9609236+05:00" endTime="2024-06-20T16:20:26.6144670+05:00" testType="13cdc9d9-ddb5-4fa4-a97d-d965ccfc6d4b" outcome="Passed" testListId="8c84fa94-04c1-424b-9868-57a2d4851a1d" relativeResultsDirectory="0ba7d814-2fca-4ce4-9ec9-b5fd7f11aec7" />
    <UnitTestResult executionId="9fecbbbc-9182-4fbd-a8d4-3fb96219e892" testId="7d88a413-02a4-703e-5ef0-8fe856db14ae" testName="Attempt_To_Add_New_Questions_In_Existing_Quizs_TC006 (Data Row 17)" computerName="DESKTOP-KC2OR95" duration="00:01:19.0829489" startTime="2024-06-20T15:48:08.9609236+05:00" endTime="2024-06-20T16:20:26.6144670+05:00" testType="13cdc9d9-ddb5-4fa4-a97d-d965ccfc6d4b" outcome="Passed" testListId="8c84fa94-04c1-424b-9868-57a2d4851a1d" relativeResultsDirectory="9fecbbbc-9182-4fbd-a8d4-3fb96219e892" />
    <UnitTestResult executionId="8b4478bc-8619-4216-8075-f419ad279d40" testId="7d88a413-02a4-703e-5ef0-8fe856db14ae" testName="Attempt_To_Add_New_Questions_In_Existing_Quizs_TC006 (Data Row 7)" computerName="DESKTOP-KC2OR95" duration="00:01:16.8777295" startTime="2024-06-20T15:48:08.9609236+05:00" endTime="2024-06-20T16:20:26.6144670+05:00" testType="13cdc9d9-ddb5-4fa4-a97d-d965ccfc6d4b" outcome="Passed" testListId="8c84fa94-04c1-424b-9868-57a2d4851a1d" relativeResultsDirectory="8b4478bc-8619-4216-8075-f419ad279d40" />
    <UnitTestResult executionId="b437aa4a-fe88-4b50-b074-d24c0952be1e" testId="7d88a413-02a4-703e-5ef0-8fe856db14ae" testName="Attempt_To_Add_New_Questions_In_Existing_Quizs_TC006 (Data Row 19)" computerName="DESKTOP-KC2OR95" duration="00:01:15.9318034" startTime="2024-06-20T15:48:08.9609236+05:00" endTime="2024-06-20T16:20:26.6144670+05:00" testType="13cdc9d9-ddb5-4fa4-a97d-d965ccfc6d4b" outcome="Passed" testListId="8c84fa94-04c1-424b-9868-57a2d4851a1d" relativeResultsDirectory="b437aa4a-fe88-4b50-b074-d24c0952be1e" />
    <UnitTestResult executionId="a9a4354d-b95f-4126-a5e7-7289838247bc" testId="7d88a413-02a4-703e-5ef0-8fe856db14ae" testName="Attempt_To_Add_New_Questions_In_Existing_Quizs_TC006 (Data Row 5)" computerName="DESKTOP-KC2OR95" duration="00:01:20.8552694" startTime="2024-06-20T15:48:08.9609236+05:00" endTime="2024-06-20T16:20:26.6144670+05:00" testType="13cdc9d9-ddb5-4fa4-a97d-d965ccfc6d4b" outcome="Passed" testListId="8c84fa94-04c1-424b-9868-57a2d4851a1d" relativeResultsDirectory="a9a4354d-b95f-4126-a5e7-7289838247bc" />
    <UnitTestResult executionId="65aaaa3c-c11d-439f-9aac-3898cc811c26" testId="7d88a413-02a4-703e-5ef0-8fe856db14ae" testName="Attempt_To_Add_New_Questions_In_Existing_Quizs_TC006 (Data Row 4)" computerName="DESKTOP-KC2OR95" duration="00:01:20.3357776" startTime="2024-06-20T15:48:08.9609236+05:00" endTime="2024-06-20T16:20:26.6144670+05:00" testType="13cdc9d9-ddb5-4fa4-a97d-d965ccfc6d4b" outcome="Passed" testListId="8c84fa94-04c1-424b-9868-57a2d4851a1d" relativeResultsDirectory="65aaaa3c-c11d-439f-9aac-3898cc811c26" />
    <UnitTestResult executionId="679b853c-baca-4ef2-9ccf-16e849a65d8b" testId="7d88a413-02a4-703e-5ef0-8fe856db14ae" testName="Attempt_To_Add_New_Questions_In_Existing_Quizs_TC006 (Data Row 18)" computerName="DESKTOP-KC2OR95" duration="00:01:13.4761369" startTime="2024-06-20T15:48:08.9609236+05:00" endTime="2024-06-20T16:20:26.6144670+05:00" testType="13cdc9d9-ddb5-4fa4-a97d-d965ccfc6d4b" outcome="Passed" testListId="8c84fa94-04c1-424b-9868-57a2d4851a1d" relativeResultsDirectory="679b853c-baca-4ef2-9ccf-16e849a65d8b" />
    <UnitTestResult executionId="17ae1a24-be7b-4a90-a289-b7418357ec84" testId="7d88a413-02a4-703e-5ef0-8fe856db14ae" testName="Attempt_To_Add_New_Questions_In_Existing_Quizs_TC006 (Data Row 10)" computerName="DESKTOP-KC2OR95" duration="00:01:18.6261792" startTime="2024-06-20T15:48:08.9609236+05:00" endTime="2024-06-20T16:20:26.6144670+05:00" testType="13cdc9d9-ddb5-4fa4-a97d-d965ccfc6d4b" outcome="Passed" testListId="8c84fa94-04c1-424b-9868-57a2d4851a1d" relativeResultsDirectory="17ae1a24-be7b-4a90-a289-b7418357ec84" />
    <UnitTestResult executionId="40c10dc8-4a5f-406c-9bed-e2601dc9559b" testId="7d88a413-02a4-703e-5ef0-8fe856db14ae" testName="Attempt_To_Add_New_Questions_In_Existing_Quizs_TC006 (Data Row 8)" computerName="DESKTOP-KC2OR95" duration="00:01:19.3653936" startTime="2024-06-20T15:48:08.9609236+05:00" endTime="2024-06-20T16:20:26.6144670+05:00" testType="13cdc9d9-ddb5-4fa4-a97d-d965ccfc6d4b" outcome="Passed" testListId="8c84fa94-04c1-424b-9868-57a2d4851a1d" relativeResultsDirectory="40c10dc8-4a5f-406c-9bed-e2601dc9559b" />
    <UnitTestResult executionId="c7115932-7b72-4675-808b-9ab2b61d7419" testId="7d88a413-02a4-703e-5ef0-8fe856db14ae" testName="Attempt_To_Add_New_Questions_In_Existing_Quizs_TC006 (Data Row 11)" computerName="DESKTOP-KC2OR95" duration="00:01:21.2456949" startTime="2024-06-20T15:48:08.9609236+05:00" endTime="2024-06-20T16:20:26.6144670+05:00" testType="13cdc9d9-ddb5-4fa4-a97d-d965ccfc6d4b" outcome="Passed" testListId="8c84fa94-04c1-424b-9868-57a2d4851a1d" relativeResultsDirectory="c7115932-7b72-4675-808b-9ab2b61d7419" />
    <UnitTestResult executionId="e029563b-213d-478f-acad-0797ba97543c" testId="7d88a413-02a4-703e-5ef0-8fe856db14ae" testName="Attempt_To_Add_New_Questions_In_Existing_Quizs_TC006 (Data Row 20)" computerName="DESKTOP-KC2OR95" duration="00:01:19.0114865" startTime="2024-06-20T15:48:08.9609236+05:00" endTime="2024-06-20T16:20:26.6144670+05:00" testType="13cdc9d9-ddb5-4fa4-a97d-d965ccfc6d4b" outcome="Passed" testListId="8c84fa94-04c1-424b-9868-57a2d4851a1d" relativeResultsDirectory="e029563b-213d-478f-acad-0797ba97543c" />
    <UnitTestResult executionId="5f52ea69-da5b-4c26-bea0-3045c5b57287" testId="7d88a413-02a4-703e-5ef0-8fe856db14ae" testName="Attempt_To_Add_New_Questions_In_Existing_Quizs_TC006 (Data Row 13)" computerName="DESKTOP-KC2OR95" duration="00:01:23.5703785" startTime="2024-06-20T15:48:08.9609236+05:00" endTime="2024-06-20T16:20:26.6144670+05:00" testType="13cdc9d9-ddb5-4fa4-a97d-d965ccfc6d4b" outcome="Passed" testListId="8c84fa94-04c1-424b-9868-57a2d4851a1d" relativeResultsDirectory="5f52ea69-da5b-4c26-bea0-3045c5b57287" />
    <UnitTestResult executionId="0d4050ca-1bdd-4552-b12e-00ed6d690c7e" testId="7d88a413-02a4-703e-5ef0-8fe856db14ae" testName="Attempt_To_Add_New_Questions_In_Existing_Quizs_TC006 (Data Row 6)" computerName="DESKTOP-KC2OR95" duration="00:01:19.2528607" startTime="2024-06-20T15:48:08.9609236+05:00" endTime="2024-06-20T16:20:26.6144670+05:00" testType="13cdc9d9-ddb5-4fa4-a97d-d965ccfc6d4b" outcome="Passed" testListId="8c84fa94-04c1-424b-9868-57a2d4851a1d" relativeResultsDirectory="0d4050ca-1bdd-4552-b12e-00ed6d690c7e" />
    <UnitTestResult executionId="18884016-f341-4abf-83a4-4aea4def2782" testId="7d88a413-02a4-703e-5ef0-8fe856db14ae" testName="Attempt_To_Add_New_Questions_In_Existing_Quizs_TC006 (Data Row 16)" computerName="DESKTOP-KC2OR95" duration="00:01:14.7846976" startTime="2024-06-20T15:48:08.9609236+05:00" endTime="2024-06-20T16:20:26.6144670+05:00" testType="13cdc9d9-ddb5-4fa4-a97d-d965ccfc6d4b" outcome="Passed" testListId="8c84fa94-04c1-424b-9868-57a2d4851a1d" relativeResultsDirectory="18884016-f341-4abf-83a4-4aea4def2782" />
    <UnitTestResult executionId="44860c29-5b69-4611-83d2-cdb2f0d8dfef" testId="7d88a413-02a4-703e-5ef0-8fe856db14ae" testName="Attempt_To_Add_New_Questions_In_Existing_Quizs_TC006 (Data Row 15)" computerName="DESKTOP-KC2OR95" duration="00:01:19.8409042" startTime="2024-06-20T15:48:08.9609236+05:00" endTime="2024-06-20T16:20:26.6144670+05:00" testType="13cdc9d9-ddb5-4fa4-a97d-d965ccfc6d4b" outcome="Passed" testListId="8c84fa94-04c1-424b-9868-57a2d4851a1d" relativeResultsDirectory="44860c29-5b69-4611-83d2-cdb2f0d8dfef" />
    <UnitTestResult executionId="7071ba73-ab0d-43e8-a3d2-ddde139d6534" testId="7d88a413-02a4-703e-5ef0-8fe856db14ae" testName="Attempt_To_Add_New_Questions_In_Existing_Quizs_TC006 (Data Row 21)" computerName="DESKTOP-KC2OR95" duration="00:01:42.6535814" startTime="2024-06-20T15:48:08.9609236+05:00" endTime="2024-06-20T16:20:26.6144670+05:00" testType="13cdc9d9-ddb5-4fa4-a97d-d965ccfc6d4b" outcome="Passed" testListId="8c84fa94-04c1-424b-9868-57a2d4851a1d" relativeResultsDirectory="7071ba73-ab0d-43e8-a3d2-ddde139d6534" />
    <UnitTestResult executionId="8915d5fa-419b-43f7-82c9-ae17d47029d7" testId="7d88a413-02a4-703e-5ef0-8fe856db14ae" testName="Attempt_To_Add_New_Questions_In_Existing_Quizs_TC006 (Data Row 3)" computerName="DESKTOP-KC2OR95" duration="00:01:17.1274505" startTime="2024-06-20T15:48:08.9609236+05:00" endTime="2024-06-20T16:20:26.6144670+05:00" testType="13cdc9d9-ddb5-4fa4-a97d-d965ccfc6d4b" outcome="Passed" testListId="8c84fa94-04c1-424b-9868-57a2d4851a1d" relativeResultsDirectory="8915d5fa-419b-43f7-82c9-ae17d47029d7" />
    <UnitTestResult executionId="6ccd41f9-2fc7-4e5a-9abe-ad8916da7faa" testId="7d88a413-02a4-703e-5ef0-8fe856db14ae" testName="Attempt_To_Add_New_Questions_In_Existing_Quizs_TC006 (Data Row 23)" computerName="DESKTOP-KC2OR95" duration="00:01:32.1034931" startTime="2024-06-20T15:48:08.9609236+05:00" endTime="2024-06-20T16:20:26.6144670+05:00" testType="13cdc9d9-ddb5-4fa4-a97d-d965ccfc6d4b" outcome="Passed" testListId="8c84fa94-04c1-424b-9868-57a2d4851a1d" relativeResultsDirectory="6ccd41f9-2fc7-4e5a-9abe-ad8916da7faa" />
    <UnitTestResult executionId="d03a6218-e632-42a2-872d-14ce4cb583e7" testId="7d88a413-02a4-703e-5ef0-8fe856db14ae" testName="Attempt_To_Add_New_Questions_In_Existing_Quizs_TC006 (Data Row 0)" computerName="DESKTOP-KC2OR95" duration="00:01:15.4673679" startTime="2024-06-20T15:48:08.9609236+05:00" endTime="2024-06-20T16:20:26.6144670+05:00" testType="13cdc9d9-ddb5-4fa4-a97d-d965ccfc6d4b" outcome="Passed" testListId="8c84fa94-04c1-424b-9868-57a2d4851a1d" relativeResultsDirectory="d03a6218-e632-42a2-872d-14ce4cb583e7" />
  </Results>
  <TestDefinitions>
    <UnitTest name="Attempt_To_Add_New_Questions_In_Existing_Quizs_TC006" storage="c:\users\zainm\source\repos\quizportal\quizportal\bin\debug\quizportal.dll" id="7d88a413-02a4-703e-5ef0-8fe856db14ae">
      <TestCategory>
        <TestCategoryItem TestCategory="As_Admin_Question_Add" />
      </TestCategory>
      <Execution id="d03a6218-e632-42a2-872d-14ce4cb583e7" />
      <TestMethod codeBase="C:\Users\Zainm\source\repos\QuizPortal\QuizPortal\bin\Debug\QuizPortal.dll" adapterTypeName="executor://mstestadapter/v2" className="QuizPortal.TestExecution" name="Attempt_To_Add_New_Questions_In_Existing_Quizs_TC006" />
    </UnitTest>
  </TestDefinitions>
  <TestEntries>
    <TestEntry testId="7d88a413-02a4-703e-5ef0-8fe856db14ae" executionId="a3ab1083-a3ed-453f-8753-9727ee53f038" testListId="8c84fa94-04c1-424b-9868-57a2d4851a1d" />
    <TestEntry testId="7d88a413-02a4-703e-5ef0-8fe856db14ae" executionId="5a23d460-582c-4dcf-a443-9defd59da61a" testListId="8c84fa94-04c1-424b-9868-57a2d4851a1d" />
    <TestEntry testId="7d88a413-02a4-703e-5ef0-8fe856db14ae" executionId="e2f9999c-de00-49e6-95e3-5e758020b58c" testListId="8c84fa94-04c1-424b-9868-57a2d4851a1d" />
    <TestEntry testId="7d88a413-02a4-703e-5ef0-8fe856db14ae" executionId="155b8035-280f-4ffb-acc5-f961dd6e336c" testListId="8c84fa94-04c1-424b-9868-57a2d4851a1d" />
    <TestEntry testId="7d88a413-02a4-703e-5ef0-8fe856db14ae" executionId="6cccf0bb-1273-4c9f-b1cc-bedd4a495fe0" testListId="8c84fa94-04c1-424b-9868-57a2d4851a1d" />
    <TestEntry testId="7d88a413-02a4-703e-5ef0-8fe856db14ae" executionId="0ba7d814-2fca-4ce4-9ec9-b5fd7f11aec7" testListId="8c84fa94-04c1-424b-9868-57a2d4851a1d" />
    <TestEntry testId="7d88a413-02a4-703e-5ef0-8fe856db14ae" executionId="9fecbbbc-9182-4fbd-a8d4-3fb96219e892" testListId="8c84fa94-04c1-424b-9868-57a2d4851a1d" />
    <TestEntry testId="7d88a413-02a4-703e-5ef0-8fe856db14ae" executionId="8b4478bc-8619-4216-8075-f419ad279d40" testListId="8c84fa94-04c1-424b-9868-57a2d4851a1d" />
    <TestEntry testId="7d88a413-02a4-703e-5ef0-8fe856db14ae" executionId="b437aa4a-fe88-4b50-b074-d24c0952be1e" testListId="8c84fa94-04c1-424b-9868-57a2d4851a1d" />
    <TestEntry testId="7d88a413-02a4-703e-5ef0-8fe856db14ae" executionId="a9a4354d-b95f-4126-a5e7-7289838247bc" testListId="8c84fa94-04c1-424b-9868-57a2d4851a1d" />
    <TestEntry testId="7d88a413-02a4-703e-5ef0-8fe856db14ae" executionId="65aaaa3c-c11d-439f-9aac-3898cc811c26" testListId="8c84fa94-04c1-424b-9868-57a2d4851a1d" />
    <TestEntry testId="7d88a413-02a4-703e-5ef0-8fe856db14ae" executionId="679b853c-baca-4ef2-9ccf-16e849a65d8b" testListId="8c84fa94-04c1-424b-9868-57a2d4851a1d" />
    <TestEntry testId="7d88a413-02a4-703e-5ef0-8fe856db14ae" executionId="17ae1a24-be7b-4a90-a289-b7418357ec84" testListId="8c84fa94-04c1-424b-9868-57a2d4851a1d" />
    <TestEntry testId="7d88a413-02a4-703e-5ef0-8fe856db14ae" executionId="40c10dc8-4a5f-406c-9bed-e2601dc9559b" testListId="8c84fa94-04c1-424b-9868-57a2d4851a1d" />
    <TestEntry testId="7d88a413-02a4-703e-5ef0-8fe856db14ae" executionId="c7115932-7b72-4675-808b-9ab2b61d7419" testListId="8c84fa94-04c1-424b-9868-57a2d4851a1d" />
    <TestEntry testId="7d88a413-02a4-703e-5ef0-8fe856db14ae" executionId="e029563b-213d-478f-acad-0797ba97543c" testListId="8c84fa94-04c1-424b-9868-57a2d4851a1d" />
    <TestEntry testId="7d88a413-02a4-703e-5ef0-8fe856db14ae" executionId="5f52ea69-da5b-4c26-bea0-3045c5b57287" testListId="8c84fa94-04c1-424b-9868-57a2d4851a1d" />
    <TestEntry testId="7d88a413-02a4-703e-5ef0-8fe856db14ae" executionId="0d4050ca-1bdd-4552-b12e-00ed6d690c7e" testListId="8c84fa94-04c1-424b-9868-57a2d4851a1d" />
    <TestEntry testId="7d88a413-02a4-703e-5ef0-8fe856db14ae" executionId="18884016-f341-4abf-83a4-4aea4def2782" testListId="8c84fa94-04c1-424b-9868-57a2d4851a1d" />
    <TestEntry testId="7d88a413-02a4-703e-5ef0-8fe856db14ae" executionId="44860c29-5b69-4611-83d2-cdb2f0d8dfef" testListId="8c84fa94-04c1-424b-9868-57a2d4851a1d" />
    <TestEntry testId="7d88a413-02a4-703e-5ef0-8fe856db14ae" executionId="7071ba73-ab0d-43e8-a3d2-ddde139d6534" testListId="8c84fa94-04c1-424b-9868-57a2d4851a1d" />
    <TestEntry testId="7d88a413-02a4-703e-5ef0-8fe856db14ae" executionId="8915d5fa-419b-43f7-82c9-ae17d47029d7" testListId="8c84fa94-04c1-424b-9868-57a2d4851a1d" />
    <TestEntry testId="7d88a413-02a4-703e-5ef0-8fe856db14ae" executionId="6ccd41f9-2fc7-4e5a-9abe-ad8916da7faa" testListId="8c84fa94-04c1-424b-9868-57a2d4851a1d" />
    <TestEntry testId="7d88a413-02a4-703e-5ef0-8fe856db14ae" executionId="d03a6218-e632-42a2-872d-14ce4cb583e7" testListId="8c84fa94-04c1-424b-9868-57a2d4851a1d" />
  </TestEntries>
  <TestLists>
    <TestList name="Results Not in a List" id="8c84fa94-04c1-424b-9868-57a2d4851a1d" />
    <TestList name="All Loaded Results" id="19431567-8539-422a-85d7-44ee4e166bda" />
  </TestLists>
  <ResultSummary outcome="Completed">
    <Counters total="24" executed="24" passed="24" failed="0" error="0" timeout="0" aborted="0" inconclusive="0" passedButRunAborted="0" notRunnable="0" notExecuted="0" disconnected="0" warning="0" completed="0" inProgress="0" pending="0" />
  </ResultSummary>
</TestRun>