<?xml version="1.0" encoding="utf-8"?>
<TestRun id="630fb954-ff65-49eb-a166-211748fbffac" name="Zainm@DESKTOP-KC2OR95 2024-06-16 17:10:03" runUser="DESKTOP-KC2OR95\Zainm" xmlns="http://microsoft.com/schemas/VisualStudio/TeamTest/2010">
  <Times creation="2024-06-16T17:10:03.9023631+05:00" queuing="2024-06-16T17:10:03.9023631+05:00" start="2024-06-16T17:03:06.6116092+05:00" finish="2024-06-16T17:34:02.8593219+05:00" />
  <TestSettings name="default" id="37a2d4ef-12d4-4312-9f47-1e16f0011c28">
    <Deployment runDeploymentRoot="Zainm_DESKTOP-KC2OR95_2024-06-16_17_10_03" />
  </TestSettings>
  <Results>
    <UnitTestResult executionId="cc83bcf6-7620-43ef-84b4-ad4c1382e5c2" testId="086d8fe8-b8e0-fc8f-119b-2c115b19c735" testName="LoginWithInvalidUserInvalidPassword_TC001 (Data Row 6)" computerName="DESKTOP-KC2OR95" duration="00:01:00.6556608" startTime="2024-06-16T17:03:07.0359051+05:00" endTime="2024-06-16T17:10:03.8762837+05:00" testType="13cdc9d9-ddb5-4fa4-a97d-d965ccfc6d4b" outcome="Passed" testListId="8c84fa94-04c1-424b-9868-57a2d4851a1d" relativeResultsDirectory="cc83bcf6-7620-43ef-84b4-ad4c1382e5c2" />
    <UnitTestResult executionId="5b2357a0-fb17-4282-8cf3-9178bee7002c" testId="086d8fe8-b8e0-fc8f-119b-2c115b19c735" testName="LoginWithInvalidUserInvalidPassword_TC001 (Data Row 0)" computerName="DESKTOP-KC2OR95" duration="00:00:31.2413316" startTime="2024-06-16T17:03:07.0359051+05:00" endTime="2024-06-16T17:10:03.8762837+05:00" testType="13cdc9d9-ddb5-4fa4-a97d-d965ccfc6d4b" outcome="Passed" testListId="8c84fa94-04c1-424b-9868-57a2d4851a1d" relativeResultsDirectory="5b2357a0-fb17-4282-8cf3-9178bee7002c" />
    <UnitTestResult executionId="da7796dd-5f25-4e3e-bf85-96bb23d1bfff" testId="a4678780-c671-0b98-6218-80485fcab5d7" testName="SignUpWithValidUserValidPassword_TC003 (Data Row 1)" computerName="DESKTOP-KC2OR95" duration="00:00:33.1202710" startTime="2024-06-16T17:20:08.6893909+05:00" endTime="2024-06-16T17:25:37.7127486+05:00" testType="13cdc9d9-ddb5-4fa4-a97d-d965ccfc6d4b" outcome="Passed" testListId="8c84fa94-04c1-424b-9868-57a2d4851a1d" relativeResultsDirectory="da7796dd-5f25-4e3e-bf85-96bb23d1bfff" />
    <UnitTestResult executionId="7862d37b-2469-44f9-8985-af9695a50a62" testId="086d8fe8-b8e0-fc8f-119b-2c115b19c735" testName="LoginWithInvalidUserInvalidPassword_TC001 (Data Row 8)" computerName="DESKTOP-KC2OR95" duration="00:00:59.8260980" startTime="2024-06-16T17:03:07.0359051+05:00" endTime="2024-06-16T17:10:03.8762837+05:00" testType="13cdc9d9-ddb5-4fa4-a97d-d965ccfc6d4b" outcome="Passed" testListId="8c84fa94-04c1-424b-9868-57a2d4851a1d" relativeResultsDirectory="7862d37b-2469-44f9-8985-af9695a50a62" />
    <UnitTestResult executionId="715f3c91-f581-4adc-909b-435651d4aa11" testId="a4678780-c671-0b98-6218-80485fcab5d7" testName="SignUpWithValidUserValidPassword_TC003 (Data Row 2)" computerName="DESKTOP-KC2OR95" duration="00:00:32.0333427" startTime="2024-06-16T17:20:08.6893909+05:00" endTime="2024-06-16T17:25:37.7127486+05:00" testType="13cdc9d9-ddb5-4fa4-a97d-d965ccfc6d4b" outcome="Passed" testListId="8c84fa94-04c1-424b-9868-57a2d4851a1d" relativeResultsDirectory="715f3c91-f581-4adc-909b-435651d4aa11" />
    <UnitTestResult executionId="6a9df030-0a4e-4429-9f47-3281b375c04e" testId="a110719b-3f78-bb33-fc81-8013d1b8b1e9" testName="SignUpWithInvalidUserInvalidPassword_TC004 (Data Row 2)" computerName="DESKTOP-KC2OR95" duration="00:00:34.1758749" startTime="2024-06-16T17:25:37.7127486+05:00" endTime="2024-06-16T17:33:55.7382549+05:00" testType="13cdc9d9-ddb5-4fa4-a97d-d965ccfc6d4b" outcome="Passed" testListId="8c84fa94-04c1-424b-9868-57a2d4851a1d" relativeResultsDirectory="6a9df030-0a4e-4429-9f47-3281b375c04e" />
    <UnitTestResult executionId="46b57d83-de9a-48c1-b1e4-3cd1d8f038b0" testId="a4678780-c671-0b98-6218-80485fcab5d7" testName="SignUpWithValidUserValidPassword_TC003 (Data Row 4)" computerName="DESKTOP-KC2OR95" duration="00:00:33.8867213" startTime="2024-06-16T17:20:08.6893909+05:00" endTime="2024-06-16T17:25:37.7127486+05:00" testType="13cdc9d9-ddb5-4fa4-a97d-d965ccfc6d4b" outcome="Passed" testListId="8c84fa94-04c1-424b-9868-57a2d4851a1d" relativeResultsDirectory="46b57d83-de9a-48c1-b1e4-3cd1d8f038b0" />
    <UnitTestResult executionId="dfc05458-fc07-4189-a59f-bd9ff7ca9626" testId="086d8fe8-b8e0-fc8f-119b-2c115b19c735" testName="LoginWithInvalidUserInvalidPassword_TC001 (Data Row 2)" computerName="DESKTOP-KC2OR95" duration="00:00:27.3257891" startTime="2024-06-16T17:03:07.0359051+05:00" endTime="2024-06-16T17:10:03.8762837+05:00" testType="13cdc9d9-ddb5-4fa4-a97d-d965ccfc6d4b" outcome="Passed" testListId="8c84fa94-04c1-424b-9868-57a2d4851a1d" relativeResultsDirectory="dfc05458-fc07-4189-a59f-bd9ff7ca9626" />
    <UnitTestResult executionId="bbe19a39-0618-457d-8927-0c6d6e097aa3" testId="a0d6b307-006d-fad5-872f-2221112850bc" testName="LoginWithValidUserValidPassword_TC002 (Data Row 3)" computerName="DESKTOP-KC2OR95" duration="00:00:56.3709347" startTime="2024-06-16T17:10:03.8993628+05:00" endTime="2024-06-16T17:20:08.6893909+05:00" testType="13cdc9d9-ddb5-4fa4-a97d-d965ccfc6d4b" outcome="Passed" testListId="8c84fa94-04c1-424b-9868-57a2d4851a1d" relativeResultsDirectory="bbe19a39-0618-457d-8927-0c6d6e097aa3" />
    <UnitTestResult executionId="0efa4cd2-6a50-4b81-8e98-752c9c3b7f38" testId="a4678780-c671-0b98-6218-80485fcab5d7" testName="SignUpWithValidUserValidPassword_TC003 (Data Row 6)" computerName="DESKTOP-KC2OR95" duration="00:00:33.9414823" startTime="2024-06-16T17:20:08.6893909+05:00" endTime="2024-06-16T17:25:37.7127486+05:00" testType="13cdc9d9-ddb5-4fa4-a97d-d965ccfc6d4b" outcome="Passed" testListId="8c84fa94-04c1-424b-9868-57a2d4851a1d" relativeResultsDirectory="0efa4cd2-6a50-4b81-8e98-752c9c3b7f38" />
    <UnitTestResult executionId="3c42d421-f24e-4749-a4a1-1d4ace335140" testId="a110719b-3f78-bb33-fc81-8013d1b8b1e9" testName="SignUpWithInvalidUserInvalidPassword_TC004 (Data Row 5)" computerName="DESKTOP-KC2OR95" duration="00:00:33.9259162" startTime="2024-06-16T17:25:37.7127486+05:00" endTime="2024-06-16T17:33:55.7382549+05:00" testType="13cdc9d9-ddb5-4fa4-a97d-d965ccfc6d4b" outcome="Passed" testListId="8c84fa94-04c1-424b-9868-57a2d4851a1d" relativeResultsDirectory="3c42d421-f24e-4749-a4a1-1d4ace335140" />
    <UnitTestResult executionId="077c43ab-aa16-467d-9ec6-ce8afe9c556c" testId="a110719b-3f78-bb33-fc81-8013d1b8b1e9" testName="SignUpWithInvalidUserInvalidPassword_TC004 (Data Row 0)" computerName="DESKTOP-KC2OR95" duration="00:01:05.4630044" startTime="2024-06-16T17:25:37.7127486+05:00" endTime="2024-06-16T17:33:55.7382549+05:00" testType="13cdc9d9-ddb5-4fa4-a97d-d965ccfc6d4b" outcome="Passed" testListId="8c84fa94-04c1-424b-9868-57a2d4851a1d" relativeResultsDirectory="077c43ab-aa16-467d-9ec6-ce8afe9c556c" />
    <UnitTestResult executionId="3f019cb8-a19e-4e34-95cb-c871db05c1b1" testId="a110719b-3f78-bb33-fc81-8013d1b8b1e9" testName="SignUpWithInvalidUserInvalidPassword_TC004 (Data Row 3)" computerName="DESKTOP-KC2OR95" duration="00:00:34.2943188" startTime="2024-06-16T17:25:37.7127486+05:00" endTime="2024-06-16T17:33:55.7382549+05:00" testType="13cdc9d9-ddb5-4fa4-a97d-d965ccfc6d4b" outcome="Passed" testListId="8c84fa94-04c1-424b-9868-57a2d4851a1d" relativeResultsDirectory="3f019cb8-a19e-4e34-95cb-c871db05c1b1" />
    <UnitTestResult executionId="ac5fe213-aae0-4bb1-926a-422fb03823c5" testId="a4678780-c671-0b98-6218-80485fcab5d7" testName="SignUpWithValidUserValidPassword_TC003 (Data Row 0)" computerName="DESKTOP-KC2OR95" duration="00:00:31.3766824" startTime="2024-06-16T17:20:08.6893909+05:00" endTime="2024-06-16T17:25:37.7127486+05:00" testType="13cdc9d9-ddb5-4fa4-a97d-d965ccfc6d4b" outcome="Passed" testListId="8c84fa94-04c1-424b-9868-57a2d4851a1d" relativeResultsDirectory="ac5fe213-aae0-4bb1-926a-422fb03823c5" />
    <UnitTestResult executionId="4d8c374e-48e9-4dc5-9b58-c4489bd1ca7f" testId="a110719b-3f78-bb33-fc81-8013d1b8b1e9" testName="SignUpWithInvalidUserInvalidPassword_TC004 (Data Row 11)" computerName="DESKTOP-KC2OR95" duration="00:00:31.2283551" startTime="2024-06-16T17:25:37.7127486+05:00" endTime="2024-06-16T17:33:55.7382549+05:00" testType="13cdc9d9-ddb5-4fa4-a97d-d965ccfc6d4b" outcome="Passed" testListId="8c84fa94-04c1-424b-9868-57a2d4851a1d" relativeResultsDirectory="4d8c374e-48e9-4dc5-9b58-c4489bd1ca7f" />
    <UnitTestResult executionId="d8d210b3-0622-435a-af2b-05fb7048eb1e" testId="086d8fe8-b8e0-fc8f-119b-2c115b19c735" testName="LoginWithInvalidUserInvalidPassword_TC001 (Data Row 4)" computerName="DESKTOP-KC2OR95" duration="00:00:30.1460053" startTime="2024-06-16T17:03:07.0359051+05:00" endTime="2024-06-16T17:10:03.8762837+05:00" testType="13cdc9d9-ddb5-4fa4-a97d-d965ccfc6d4b" outcome="Passed" testListId="8c84fa94-04c1-424b-9868-57a2d4851a1d" relativeResultsDirectory="d8d210b3-0622-435a-af2b-05fb7048eb1e" />
    <UnitTestResult executionId="583be920-41a2-40e2-92a8-8ae28bb6ad12" testId="086d8fe8-b8e0-fc8f-119b-2c115b19c735" testName="LoginWithInvalidUserInvalidPassword_TC001 (Data Row 3)" computerName="DESKTOP-KC2OR95" duration="00:00:29.7407038" startTime="2024-06-16T17:03:07.0359051+05:00" endTime="2024-06-16T17:10:03.8762837+05:00" testType="13cdc9d9-ddb5-4fa4-a97d-d965ccfc6d4b" outcome="Passed" testListId="8c84fa94-04c1-424b-9868-57a2d4851a1d" relativeResultsDirectory="583be920-41a2-40e2-92a8-8ae28bb6ad12" />
    <UnitTestResult executionId="930c5b23-d6e7-4cad-af77-b8495937099c" testId="086d8fe8-b8e0-fc8f-119b-2c115b19c735" testName="LoginWithInvalidUserInvalidPassword_TC001 (Data Row 7)" computerName="DESKTOP-KC2OR95" duration="00:01:00.0640744" startTime="2024-06-16T17:03:07.0359051+05:00" endTime="2024-06-16T17:10:03.8762837+05:00" testType="13cdc9d9-ddb5-4fa4-a97d-d965ccfc6d4b" outcome="Passed" testListId="8c84fa94-04c1-424b-9868-57a2d4851a1d" relativeResultsDirectory="930c5b23-d6e7-4cad-af77-b8495937099c" />
    <UnitTestResult executionId="9fee1970-0286-4952-9a86-978081a2cc0b" testId="a4678780-c671-0b98-6218-80485fcab5d7" testName="SignUpWithValidUserValidPassword_TC003 (Data Row 5)" computerName="DESKTOP-KC2OR95" duration="00:00:30.2202885" startTime="2024-06-16T17:20:08.6893909+05:00" endTime="2024-06-16T17:25:37.7127486+05:00" testType="13cdc9d9-ddb5-4fa4-a97d-d965ccfc6d4b" outcome="Passed" testListId="8c84fa94-04c1-424b-9868-57a2d4851a1d" relativeResultsDirectory="9fee1970-0286-4952-9a86-978081a2cc0b" />
    <UnitTestResult executionId="44062e49-9fdd-49d2-b752-59f0fa4fd5f8" testId="a0d6b307-006d-fad5-872f-2221112850bc" testName="LoginWithValidUserValidPassword_TC002 (Data Row 0)" computerName="DESKTOP-KC2OR95" duration="00:00:28.0751917" startTime="2024-06-16T17:10:03.8993628+05:00" endTime="2024-06-16T17:20:08.6893909+05:00" testType="13cdc9d9-ddb5-4fa4-a97d-d965ccfc6d4b" outcome="Passed" testListId="8c84fa94-04c1-424b-9868-57a2d4851a1d" relativeResultsDirectory="44062e49-9fdd-49d2-b752-59f0fa4fd5f8" />
    <UnitTestResult executionId="d431cc9b-64c1-4975-9aa8-423132684726" testId="a0d6b307-006d-fad5-872f-2221112850bc" testName="LoginWithValidUserValidPassword_TC002 (Data Row 1)" computerName="DESKTOP-KC2OR95" duration="00:00:58.0582244" startTime="2024-06-16T17:10:03.8993628+05:00" endTime="2024-06-16T17:20:08.6893909+05:00" testType="13cdc9d9-ddb5-4fa4-a97d-d965ccfc6d4b" outcome="Passed" testListId="8c84fa94-04c1-424b-9868-57a2d4851a1d" relativeResultsDirectory="d431cc9b-64c1-4975-9aa8-423132684726" />
    <UnitTestResult executionId="1dad5125-f32a-477f-8b5a-e2950e06d20a" testId="a4678780-c671-0b98-6218-80485fcab5d7" testName="SignUpWithValidUserValidPassword_TC003 (Data Row 3)" computerName="DESKTOP-KC2OR95" duration="00:00:33.2461634" startTime="2024-06-16T17:20:08.6893909+05:00" endTime="2024-06-16T17:25:37.7127486+05:00" testType="13cdc9d9-ddb5-4fa4-a97d-d965ccfc6d4b" outcome="Passed" testListId="8c84fa94-04c1-424b-9868-57a2d4851a1d" relativeResultsDirectory="1dad5125-f32a-477f-8b5a-e2950e06d20a" />
    <UnitTestResult executionId="d444c09b-5e31-42d9-8ddb-99f3055b0b76" testId="a0d6b307-006d-fad5-872f-2221112850bc" testName="LoginWithValidUserValidPassword_TC002 (Data Row 7)" computerName="DESKTOP-KC2OR95" duration="00:00:58.3797048" startTime="2024-06-16T17:10:03.8993628+05:00" endTime="2024-06-16T17:20:08.6893909+05:00" testType="13cdc9d9-ddb5-4fa4-a97d-d965ccfc6d4b" outcome="Passed" testListId="8c84fa94-04c1-424b-9868-57a2d4851a1d" relativeResultsDirectory="d444c09b-5e31-42d9-8ddb-99f3055b0b76" />
    <UnitTestResult executionId="b3cf23b7-0048-461e-96bf-10c7091885fa" testId="a110719b-3f78-bb33-fc81-8013d1b8b1e9" testName="SignUpWithInvalidUserInvalidPassword_TC004 (Data Row 8)" computerName="DESKTOP-KC2OR95" duration="00:00:32.5632039" startTime="2024-06-16T17:25:37.7127486+05:00" endTime="2024-06-16T17:33:55.7382549+05:00" testType="13cdc9d9-ddb5-4fa4-a97d-d965ccfc6d4b" outcome="Passed" testListId="8c84fa94-04c1-424b-9868-57a2d4851a1d" relativeResultsDirectory="b3cf23b7-0048-461e-96bf-10c7091885fa" />
    <UnitTestResult executionId="ad7a7696-0bf2-4ff0-90ba-76b37951b793" testId="a0d6b307-006d-fad5-872f-2221112850bc" testName="LoginWithValidUserValidPassword_TC002 (Data Row 9)" computerName="DESKTOP-KC2OR95" duration="00:00:57.6880724" startTime="2024-06-16T17:10:03.8993628+05:00" endTime="2024-06-16T17:20:08.6893909+05:00" testType="13cdc9d9-ddb5-4fa4-a97d-d965ccfc6d4b" outcome="Passed" testListId="8c84fa94-04c1-424b-9868-57a2d4851a1d" relativeResultsDirectory="ad7a7696-0bf2-4ff0-90ba-76b37951b793" />
    <UnitTestResult executionId="3cf7501f-3ee8-4bfb-bb51-443cf565ba9b" testId="a0d6b307-006d-fad5-872f-2221112850bc" testName="LoginWithValidUserValidPassword_TC002 (Data Row 4)" computerName="DESKTOP-KC2OR95" duration="00:00:56.6856203" startTime="2024-06-16T17:10:03.8993628+05:00" endTime="2024-06-16T17:20:08.6893909+05:00" testType="13cdc9d9-ddb5-4fa4-a97d-d965ccfc6d4b" outcome="Passed" testListId="8c84fa94-04c1-424b-9868-57a2d4851a1d" relativeResultsDirectory="3cf7501f-3ee8-4bfb-bb51-443cf565ba9b" />
    <UnitTestResult executionId="56a49e58-b634-499f-a18b-a755fd4ac381" testId="a4678780-c671-0b98-6218-80485fcab5d7" testName="SignUpWithValidUserValidPassword_TC003 (Data Row 8)" computerName="DESKTOP-KC2OR95" duration="00:00:32.4869887" startTime="2024-06-16T17:20:08.6893909+05:00" endTime="2024-06-16T17:25:37.7127486+05:00" testType="13cdc9d9-ddb5-4fa4-a97d-d965ccfc6d4b" outcome="Passed" testListId="8c84fa94-04c1-424b-9868-57a2d4851a1d" relativeResultsDirectory="56a49e58-b634-499f-a18b-a755fd4ac381" />
    <UnitTestResult executionId="a63a8398-67ea-425e-88ab-1f25ac5c6271" testId="a0d6b307-006d-fad5-872f-2221112850bc" testName="LoginWithValidUserValidPassword_TC002 (Data Row 2)" computerName="DESKTOP-KC2OR95" duration="00:01:00.1703753" startTime="2024-06-16T17:10:03.8993628+05:00" endTime="2024-06-16T17:20:08.6893909+05:00" testType="13cdc9d9-ddb5-4fa4-a97d-d965ccfc6d4b" outcome="Passed" testListId="8c84fa94-04c1-424b-9868-57a2d4851a1d" relativeResultsDirectory="a63a8398-67ea-425e-88ab-1f25ac5c6271" />
    <UnitTestResult executionId="72358172-cab4-4a94-b34c-157ab55756ec" testId="a0d6b307-006d-fad5-872f-2221112850bc" testName="LoginWithValidUserValidPassword_TC002 (Data Row 8)" computerName="DESKTOP-KC2OR95" duration="00:00:56.2814534" startTime="2024-06-16T17:10:03.8993628+05:00" endTime="2024-06-16T17:20:08.6893909+05:00" testType="13cdc9d9-ddb5-4fa4-a97d-d965ccfc6d4b" outcome="Passed" testListId="8c84fa94-04c1-424b-9868-57a2d4851a1d" relativeResultsDirectory="72358172-cab4-4a94-b34c-157ab55756ec" />
    <UnitTestResult executionId="9735cd1e-c166-44fc-a9ba-3c204588c42f" testId="a110719b-3f78-bb33-fc81-8013d1b8b1e9" testName="SignUpWithInvalidUserInvalidPassword_TC004 (Data Row 4)" computerName="DESKTOP-KC2OR95" duration="00:00:33.5796729" startTime="2024-06-16T17:25:37.7127486+05:00" endTime="2024-06-16T17:33:55.7382549+05:00" testType="13cdc9d9-ddb5-4fa4-a97d-d965ccfc6d4b" outcome="Passed" testListId="8c84fa94-04c1-424b-9868-57a2d4851a1d" relativeResultsDirectory="9735cd1e-c166-44fc-a9ba-3c204588c42f" />
    <UnitTestResult executionId="336f7c31-19b0-4d3d-9036-73739bd8eeef" testId="a110719b-3f78-bb33-fc81-8013d1b8b1e9" testName="SignUpWithInvalidUserInvalidPassword_TC004 (Data Row 9)" computerName="DESKTOP-KC2OR95" duration="00:00:32.0732449" startTime="2024-06-16T17:25:37.7127486+05:00" endTime="2024-06-16T17:33:55.7382549+05:00" testType="13cdc9d9-ddb5-4fa4-a97d-d965ccfc6d4b" outcome="Passed" testListId="8c84fa94-04c1-424b-9868-57a2d4851a1d" relativeResultsDirectory="336f7c31-19b0-4d3d-9036-73739bd8eeef" />
    <UnitTestResult executionId="66260c2c-6bfa-4e49-ba34-f11007eaaf7f" testId="086d8fe8-b8e0-fc8f-119b-2c115b19c735" testName="LoginWithInvalidUserInvalidPassword_TC001 (Data Row 9)" computerName="DESKTOP-KC2OR95" duration="00:00:58.5122229" startTime="2024-06-16T17:03:07.0359051+05:00" endTime="2024-06-16T17:10:03.8762837+05:00" testType="13cdc9d9-ddb5-4fa4-a97d-d965ccfc6d4b" outcome="Passed" testListId="8c84fa94-04c1-424b-9868-57a2d4851a1d" relativeResultsDirectory="66260c2c-6bfa-4e49-ba34-f11007eaaf7f" />
    <UnitTestResult executionId="f629c846-eca1-4f0d-ba78-33d70bc75e75" testId="a110719b-3f78-bb33-fc81-8013d1b8b1e9" testName="SignUpWithInvalidUserInvalidPassword_TC004 (Data Row 6)" computerName="DESKTOP-KC2OR95" duration="00:00:34.8793045" startTime="2024-06-16T17:25:37.7127486+05:00" endTime="2024-06-16T17:33:55.7382549+05:00" testType="13cdc9d9-ddb5-4fa4-a97d-d965ccfc6d4b" outcome="Passed" testListId="8c84fa94-04c1-424b-9868-57a2d4851a1d" relativeResultsDirectory="f629c846-eca1-4f0d-ba78-33d70bc75e75" />
    <UnitTestResult executionId="60ae7b64-cc5a-4d1a-9820-22eadfe658fa" testId="086d8fe8-b8e0-fc8f-119b-2c115b19c735" testName="LoginWithInvalidUserInvalidPassword_TC001 (Data Row 1)" computerName="DESKTOP-KC2OR95" duration="00:00:29.4529023" startTime="2024-06-16T17:03:07.0359051+05:00" endTime="2024-06-16T17:10:03.8762837+05:00" testType="13cdc9d9-ddb5-4fa4-a97d-d965ccfc6d4b" outcome="Passed" testListId="8c84fa94-04c1-424b-9868-57a2d4851a1d" relativeResultsDirectory="60ae7b64-cc5a-4d1a-9820-22eadfe658fa" />
    <UnitTestResult executionId="c01beff2-2bbb-47ac-863a-653054bc65b0" testId="a4678780-c671-0b98-6218-80485fcab5d7" testName="SignUpWithValidUserValidPassword_TC003 (Data Row 9)" computerName="DESKTOP-KC2OR95" duration="00:00:34.7781317" startTime="2024-06-16T17:20:08.6893909+05:00" endTime="2024-06-16T17:25:37.7127486+05:00" testType="13cdc9d9-ddb5-4fa4-a97d-d965ccfc6d4b" outcome="Passed" testListId="8c84fa94-04c1-424b-9868-57a2d4851a1d" relativeResultsDirectory="c01beff2-2bbb-47ac-863a-653054bc65b0" />
    <UnitTestResult executionId="27e28724-1ac8-44c2-82c8-d67221982af4" testId="a110719b-3f78-bb33-fc81-8013d1b8b1e9" testName="SignUpWithInvalidUserInvalidPassword_TC004 (Data Row 7)" computerName="DESKTOP-KC2OR95" duration="00:00:34.0324937" startTime="2024-06-16T17:25:37.7127486+05:00" endTime="2024-06-16T17:33:55.7382549+05:00" testType="13cdc9d9-ddb5-4fa4-a97d-d965ccfc6d4b" outcome="Passed" testListId="8c84fa94-04c1-424b-9868-57a2d4851a1d" relativeResultsDirectory="27e28724-1ac8-44c2-82c8-d67221982af4" />
    <UnitTestResult executionId="efbc81c3-660c-4f56-8c8c-18662051d630" testId="a0d6b307-006d-fad5-872f-2221112850bc" testName="LoginWithValidUserValidPassword_TC002 (Data Row 5)" computerName="DESKTOP-KC2OR95" duration="00:00:57.6458196" startTime="2024-06-16T17:10:03.8993628+05:00" endTime="2024-06-16T17:20:08.6893909+05:00" testType="13cdc9d9-ddb5-4fa4-a97d-d965ccfc6d4b" outcome="Passed" testListId="8c84fa94-04c1-424b-9868-57a2d4851a1d" relativeResultsDirectory="efbc81c3-660c-4f56-8c8c-18662051d630" />
    <UnitTestResult executionId="0bff32d7-dcbd-4f42-b2bb-468ad8cd9a3e" testId="a110719b-3f78-bb33-fc81-8013d1b8b1e9" testName="SignUpWithInvalidUserInvalidPassword_TC004 (Data Row 10)" computerName="DESKTOP-KC2OR95" duration="00:01:07.2383438" startTime="2024-06-16T17:25:37.7127486+05:00" endTime="2024-06-16T17:33:55.7382549+05:00" testType="13cdc9d9-ddb5-4fa4-a97d-d965ccfc6d4b" outcome="Passed" testListId="8c84fa94-04c1-424b-9868-57a2d4851a1d" relativeResultsDirectory="0bff32d7-dcbd-4f42-b2bb-468ad8cd9a3e" />
    <UnitTestResult executionId="6030e285-69e7-4a91-8c8f-f538bb75151a" testId="086d8fe8-b8e0-fc8f-119b-2c115b19c735" testName="LoginWithInvalidUserInvalidPassword_TC001 (Data Row 5)" computerName="DESKTOP-KC2OR95" duration="00:00:29.7391966" startTime="2024-06-16T17:03:07.0359051+05:00" endTime="2024-06-16T17:10:03.8762837+05:00" testType="13cdc9d9-ddb5-4fa4-a97d-d965ccfc6d4b" outcome="Passed" testListId="8c84fa94-04c1-424b-9868-57a2d4851a1d" relativeResultsDirectory="6030e285-69e7-4a91-8c8f-f538bb75151a" />
    <UnitTestResult executionId="550832bb-1c91-49cd-8ea1-18a9b676e3b1" testId="a110719b-3f78-bb33-fc81-8013d1b8b1e9" testName="SignUpWithInvalidUserInvalidPassword_TC004 (Data Row 1)" computerName="DESKTOP-KC2OR95" duration="00:01:04.5481011" startTime="2024-06-16T17:25:37.7127486+05:00" endTime="2024-06-16T17:33:55.7382549+05:00" testType="13cdc9d9-ddb5-4fa4-a97d-d965ccfc6d4b" outcome="Passed" testListId="8c84fa94-04c1-424b-9868-57a2d4851a1d" relativeResultsDirectory="550832bb-1c91-49cd-8ea1-18a9b676e3b1" />
    <UnitTestResult executionId="e82153c6-4040-4f5f-b200-741e2904431e" testId="a0d6b307-006d-fad5-872f-2221112850bc" testName="LoginWithValidUserValidPassword_TC002 (Data Row 6)" computerName="DESKTOP-KC2OR95" duration="00:00:58.1552355" startTime="2024-06-16T17:10:03.8993628+05:00" endTime="2024-06-16T17:20:08.6893909+05:00" testType="13cdc9d9-ddb5-4fa4-a97d-d965ccfc6d4b" outcome="Passed" testListId="8c84fa94-04c1-424b-9868-57a2d4851a1d" relativeResultsDirectory="e82153c6-4040-4f5f-b200-741e2904431e" />
    <UnitTestResult executionId="375b2d3b-7696-4af0-bf0e-aae3cd84c205" testId="a4678780-c671-0b98-6218-80485fcab5d7" testName="SignUpWithValidUserValidPassword_TC003 (Data Row 7)" computerName="DESKTOP-KC2OR95" duration="00:00:33.9036659" startTime="2024-06-16T17:20:08.6893909+05:00" endTime="2024-06-16T17:25:37.7127486+05:00" testType="13cdc9d9-ddb5-4fa4-a97d-d965ccfc6d4b" outcome="Passed" testListId="8c84fa94-04c1-424b-9868-57a2d4851a1d" relativeResultsDirectory="375b2d3b-7696-4af0-bf0e-aae3cd84c205" />
    <UnitTestResult executionId="73b9473d-37a0-439e-b786-362fcebeec4e" testId="a0d6b307-006d-fad5-872f-2221112850bc" testName="LoginWithValidUserValidPassword_TC002 (Data Row 10)" computerName="DESKTOP-KC2OR95" duration="00:00:57.2585218" startTime="2024-06-16T17:10:03.8993628+05:00" endTime="2024-06-16T17:20:08.6893909+05:00" testType="13cdc9d9-ddb5-4fa4-a97d-d965ccfc6d4b" outcome="Passed" testListId="8c84fa94-04c1-424b-9868-57a2d4851a1d" relativeResultsDirectory="73b9473d-37a0-439e-b786-362fcebeec4e" />
  </Results>
  <TestDefinitions>
    <UnitTest name="SignUpWithInvalidUserInvalidPassword_TC004" storage="c:\users\zainm\source\repos\quizportal\quizportal\bin\debug\quizportal.dll" id="a110719b-3f78-bb33-fc81-8013d1b8b1e9">
      <TestCategory>
        <TestCategoryItem TestCategory="Credentials" />
      </TestCategory>
      <Execution id="077c43ab-aa16-467d-9ec6-ce8afe9c556c" />
      <TestMethod codeBase="C:\Users\Zainm\source\repos\QuizPortal\QuizPortal\bin\Debug\QuizPortal.dll" adapterTypeName="executor://mstestadapter/v2" className="QuizPortal.TestExecution" name="SignUpWithInvalidUserInvalidPassword_TC004" />
    </UnitTest>
    <UnitTest name="LoginWithValidUserValidPassword_TC002" storage="c:\users\zainm\source\repos\quizportal\quizportal\bin\debug\quizportal.dll" id="a0d6b307-006d-fad5-872f-2221112850bc">
      <TestCategory>
        <TestCategoryItem TestCategory="Credentials" />
      </TestCategory>
      <Execution id="44062e49-9fdd-49d2-b752-59f0fa4fd5f8" />
      <TestMethod codeBase="C:\Users\Zainm\source\repos\QuizPortal\QuizPortal\bin\Debug\QuizPortal.dll" adapterTypeName="executor://mstestadapter/v2" className="QuizPortal.TestExecution" name="LoginWithValidUserValidPassword_TC002" />
    </UnitTest>
    <UnitTest name="SignUpWithValidUserValidPassword_TC003" storage="c:\users\zainm\source\repos\quizportal\quizportal\bin\debug\quizportal.dll" id="a4678780-c671-0b98-6218-80485fcab5d7">
      <TestCategory>
        <TestCategoryItem TestCategory="Credentials" />
      </TestCategory>
      <Execution id="ac5fe213-aae0-4bb1-926a-422fb03823c5" />
      <TestMethod codeBase="C:\Users\Zainm\source\repos\QuizPortal\QuizPortal\bin\Debug\QuizPortal.dll" adapterTypeName="executor://mstestadapter/v2" className="QuizPortal.TestExecution" name="SignUpWithValidUserValidPassword_TC003" />
    </UnitTest>
    <UnitTest name="LoginWithInvalidUserInvalidPassword_TC001" storage="c:\users\zainm\source\repos\quizportal\quizportal\bin\debug\quizportal.dll" id="086d8fe8-b8e0-fc8f-119b-2c115b19c735">
      <TestCategory>
        <TestCategoryItem TestCategory="Credentials" />
      </TestCategory>
      <Execution id="5b2357a0-fb17-4282-8cf3-9178bee7002c" />
      <TestMethod codeBase="C:\Users\Zainm\source\repos\QuizPortal\QuizPortal\bin\Debug\QuizPortal.dll" adapterTypeName="executor://mstestadapter/v2" className="QuizPortal.TestExecution" name="LoginWithInvalidUserInvalidPassword_TC001" />
    </UnitTest>
  </TestDefinitions>
  <TestEntries>
    <TestEntry testId="086d8fe8-b8e0-fc8f-119b-2c115b19c735" executionId="cc83bcf6-7620-43ef-84b4-ad4c1382e5c2" testListId="8c84fa94-04c1-424b-9868-57a2d4851a1d" />
    <TestEntry testId="086d8fe8-b8e0-fc8f-119b-2c115b19c735" executionId="5b2357a0-fb17-4282-8cf3-9178bee7002c" testListId="8c84fa94-04c1-424b-9868-57a2d4851a1d" />
    <TestEntry testId="a4678780-c671-0b98-6218-80485fcab5d7" executionId="da7796dd-5f25-4e3e-bf85-96bb23d1bfff" testListId="8c84fa94-04c1-424b-9868-57a2d4851a1d" />
    <TestEntry testId="086d8fe8-b8e0-fc8f-119b-2c115b19c735" executionId="7862d37b-2469-44f9-8985-af9695a50a62" testListId="8c84fa94-04c1-424b-9868-57a2d4851a1d" />
    <TestEntry testId="a4678780-c671-0b98-6218-80485fcab5d7" executionId="715f3c91-f581-4adc-909b-435651d4aa11" testListId="8c84fa94-04c1-424b-9868-57a2d4851a1d" />
    <TestEntry testId="a110719b-3f78-bb33-fc81-8013d1b8b1e9" executionId="6a9df030-0a4e-4429-9f47-3281b375c04e" testListId="8c84fa94-04c1-424b-9868-57a2d4851a1d" />
    <TestEntry testId="a4678780-c671-0b98-6218-80485fcab5d7" executionId="46b57d83-de9a-48c1-b1e4-3cd1d8f038b0" testListId="8c84fa94-04c1-424b-9868-57a2d4851a1d" />
    <TestEntry testId="086d8fe8-b8e0-fc8f-119b-2c115b19c735" executionId="dfc05458-fc07-4189-a59f-bd9ff7ca9626" testListId="8c84fa94-04c1-424b-9868-57a2d4851a1d" />
    <TestEntry testId="a0d6b307-006d-fad5-872f-2221112850bc" executionId="bbe19a39-0618-457d-8927-0c6d6e097aa3" testListId="8c84fa94-04c1-424b-9868-57a2d4851a1d" />
    <TestEntry testId="a4678780-c671-0b98-6218-80485fcab5d7" executionId="0efa4cd2-6a50-4b81-8e98-752c9c3b7f38" testListId="8c84fa94-04c1-424b-9868-57a2d4851a1d" />
    <TestEntry testId="a110719b-3f78-bb33-fc81-8013d1b8b1e9" executionId="3c42d421-f24e-4749-a4a1-1d4ace335140" testListId="8c84fa94-04c1-424b-9868-57a2d4851a1d" />
    <TestEntry testId="a110719b-3f78-bb33-fc81-8013d1b8b1e9" executionId="077c43ab-aa16-467d-9ec6-ce8afe9c556c" testListId="8c84fa94-04c1-424b-9868-57a2d4851a1d" />
    <TestEntry testId="a110719b-3f78-bb33-fc81-8013d1b8b1e9" executionId="3f019cb8-a19e-4e34-95cb-c871db05c1b1" testListId="8c84fa94-04c1-424b-9868-57a2d4851a1d" />
    <TestEntry testId="a4678780-c671-0b98-6218-80485fcab5d7" executionId="ac5fe213-aae0-4bb1-926a-422fb03823c5" testListId="8c84fa94-04c1-424b-9868-57a2d4851a1d" />
    <TestEntry testId="a110719b-3f78-bb33-fc81-8013d1b8b1e9" executionId="4d8c374e-48e9-4dc5-9b58-c4489bd1ca7f" testListId="8c84fa94-04c1-424b-9868-57a2d4851a1d" />
    <TestEntry testId="086d8fe8-b8e0-fc8f-119b-2c115b19c735" executionId="d8d210b3-0622-435a-af2b-05fb7048eb1e" testListId="8c84fa94-04c1-424b-9868-57a2d4851a1d" />
    <TestEntry testId="086d8fe8-b8e0-fc8f-119b-2c115b19c735" executionId="583be920-41a2-40e2-92a8-8ae28bb6ad12" testListId="8c84fa94-04c1-424b-9868-57a2d4851a1d" />
    <TestEntry testId="086d8fe8-b8e0-fc8f-119b-2c115b19c735" executionId="930c5b23-d6e7-4cad-af77-b8495937099c" testListId="8c84fa94-04c1-424b-9868-57a2d4851a1d" />
    <TestEntry testId="a4678780-c671-0b98-6218-80485fcab5d7" executionId="9fee1970-0286-4952-9a86-978081a2cc0b" testListId="8c84fa94-04c1-424b-9868-57a2d4851a1d" />
    <TestEntry testId="a0d6b307-006d-fad5-872f-2221112850bc" executionId="44062e49-9fdd-49d2-b752-59f0fa4fd5f8" testListId="8c84fa94-04c1-424b-9868-57a2d4851a1d" />
    <TestEntry testId="a0d6b307-006d-fad5-872f-2221112850bc" executionId="d431cc9b-64c1-4975-9aa8-423132684726" testListId="8c84fa94-04c1-424b-9868-57a2d4851a1d" />
    <TestEntry testId="a4678780-c671-0b98-6218-80485fcab5d7" executionId="1dad5125-f32a-477f-8b5a-e2950e06d20a" testListId="8c84fa94-04c1-424b-9868-57a2d4851a1d" />
    <TestEntry testId="a0d6b307-006d-fad5-872f-2221112850bc" executionId="d444c09b-5e31-42d9-8ddb-99f3055b0b76" testListId="8c84fa94-04c1-424b-9868-57a2d4851a1d" />
    <TestEntry testId="a110719b-3f78-bb33-fc81-8013d1b8b1e9" executionId="b3cf23b7-0048-461e-96bf-10c7091885fa" testListId="8c84fa94-04c1-424b-9868-57a2d4851a1d" />
    <TestEntry testId="a0d6b307-006d-fad5-872f-2221112850bc" executionId="ad7a7696-0bf2-4ff0-90ba-76b37951b793" testListId="8c84fa94-04c1-424b-9868-57a2d4851a1d" />
    <TestEntry testId="a0d6b307-006d-fad5-872f-2221112850bc" executionId="3cf7501f-3ee8-4bfb-bb51-443cf565ba9b" testListId="8c84fa94-04c1-424b-9868-57a2d4851a1d" />
    <TestEntry testId="a4678780-c671-0b98-6218-80485fcab5d7" executionId="56a49e58-b634-499f-a18b-a755fd4ac381" testListId="8c84fa94-04c1-424b-9868-57a2d4851a1d" />
    <TestEntry testId="a0d6b307-006d-fad5-872f-2221112850bc" executionId="a63a8398-67ea-425e-88ab-1f25ac5c6271" testListId="8c84fa94-04c1-424b-9868-57a2d4851a1d" />
    <TestEntry testId="a0d6b307-006d-fad5-872f-2221112850bc" executionId="72358172-cab4-4a94-b34c-157ab55756ec" testListId="8c84fa94-04c1-424b-9868-57a2d4851a1d" />
    <TestEntry testId="a110719b-3f78-bb33-fc81-8013d1b8b1e9" executionId="9735cd1e-c166-44fc-a9ba-3c204588c42f" testListId="8c84fa94-04c1-424b-9868-57a2d4851a1d" />
    <TestEntry testId="a110719b-3f78-bb33-fc81-8013d1b8b1e9" executionId="336f7c31-19b0-4d3d-9036-73739bd8eeef" testListId="8c84fa94-04c1-424b-9868-57a2d4851a1d" />
    <TestEntry testId="086d8fe8-b8e0-fc8f-119b-2c115b19c735" executionId="66260c2c-6bfa-4e49-ba34-f11007eaaf7f" testListId="8c84fa94-04c1-424b-9868-57a2d4851a1d" />
    <TestEntry testId="a110719b-3f78-bb33-fc81-8013d1b8b1e9" executionId="f629c846-eca1-4f0d-ba78-33d70bc75e75" testListId="8c84fa94-04c1-424b-9868-57a2d4851a1d" />
    <TestEntry testId="086d8fe8-b8e0-fc8f-119b-2c115b19c735" executionId="60ae7b64-cc5a-4d1a-9820-22eadfe658fa" testListId="8c84fa94-04c1-424b-9868-57a2d4851a1d" />
    <TestEntry testId="a4678780-c671-0b98-6218-80485fcab5d7" executionId="c01beff2-2bbb-47ac-863a-653054bc65b0" testListId="8c84fa94-04c1-424b-9868-57a2d4851a1d" />
    <TestEntry testId="a110719b-3f78-bb33-fc81-8013d1b8b1e9" executionId="27e28724-1ac8-44c2-82c8-d67221982af4" testListId="8c84fa94-04c1-424b-9868-57a2d4851a1d" />
    <TestEntry testId="a0d6b307-006d-fad5-872f-2221112850bc" executionId="efbc81c3-660c-4f56-8c8c-18662051d630" testListId="8c84fa94-04c1-424b-9868-57a2d4851a1d" />
    <TestEntry testId="a110719b-3f78-bb33-fc81-8013d1b8b1e9" executionId="0bff32d7-dcbd-4f42-b2bb-468ad8cd9a3e" testListId="8c84fa94-04c1-424b-9868-57a2d4851a1d" />
    <TestEntry testId="086d8fe8-b8e0-fc8f-119b-2c115b19c735" executionId="6030e285-69e7-4a91-8c8f-f538bb75151a" testListId="8c84fa94-04c1-424b-9868-57a2d4851a1d" />
    <TestEntry testId="a110719b-3f78-bb33-fc81-8013d1b8b1e9" executionId="550832bb-1c91-49cd-8ea1-18a9b676e3b1" testListId="8c84fa94-04c1-424b-9868-57a2d4851a1d" />
    <TestEntry testId="a0d6b307-006d-fad5-872f-2221112850bc" executionId="e82153c6-4040-4f5f-b200-741e2904431e" testListId="8c84fa94-04c1-424b-9868-57a2d4851a1d" />
    <TestEntry testId="a4678780-c671-0b98-6218-80485fcab5d7" executionId="375b2d3b-7696-4af0-bf0e-aae3cd84c205" testListId="8c84fa94-04c1-424b-9868-57a2d4851a1d" />
    <TestEntry testId="a0d6b307-006d-fad5-872f-2221112850bc" executionId="73b9473d-37a0-439e-b786-362fcebeec4e" testListId="8c84fa94-04c1-424b-9868-57a2d4851a1d" />
  </TestEntries>
  <TestLists>
    <TestList name="Results Not in a List" id="8c84fa94-04c1-424b-9868-57a2d4851a1d" />
    <TestList name="All Loaded Results" id="19431567-8539-422a-85d7-44ee4e166bda" />
  </TestLists>
  <ResultSummary outcome="Completed">
    <Counters total="43" executed="43" passed="43" failed="0" error="0" timeout="0" aborted="0" inconclusive="0" passedButRunAborted="0" notRunnable="0" notExecuted="0" disconnected="0" warning="0" completed="0" inProgress="0" pending="0" />
  </ResultSummary>
</TestRun>