<?xml version="1.0" encoding="utf-8"?>
<TestRun id="a05cb2cb-b99d-4080-ae0e-b272bd6a5512" name="Zainm@DESKTOP-KC2OR95 2024-06-20 15:46:04" runUser="DESKTOP-KC2OR95\Zainm" xmlns="http://microsoft.com/schemas/VisualStudio/TeamTest/2010">
  <Times creation="2024-06-20T15:46:04.8305290+05:00" queuing="2024-06-20T15:46:04.8305290+05:00" start="2024-06-20T14:46:42.4172796+05:00" finish="2024-06-20T15:46:13.5963615+05:00" />
  <TestSettings name="default" id="252e0d09-829e-461a-9206-642ef64fc447">
    <Deployment runDeploymentRoot="Zainm_DESKTOP-KC2OR95_2024-06-20_15_46_04" />
  </TestSettings>
  <Results>
    <UnitTestResult executionId="7c1a2c88-c61a-454a-9f2e-5497da54536e" testId="c75ceaa7-1c6c-651a-b469-86804d0ce477" testName="AttemptCoal_BinaryDivision_Quiz_TC005 (Data Row 13)" computerName="DESKTOP-KC2OR95" duration="00:01:14.8296477" startTime="2024-06-20T14:46:42.7282032+05:00" endTime="2024-06-20T15:46:04.7363625+05:00" testType="13cdc9d9-ddb5-4fa4-a97d-d965ccfc6d4b" outcome="Passed" testListId="8c84fa94-04c1-424b-9868-57a2d4851a1d" relativeResultsDirectory="7c1a2c88-c61a-454a-9f2e-5497da54536e" />
    <UnitTestResult executionId="f656a606-879a-4863-ac2d-d635c639be29" testId="c75ceaa7-1c6c-651a-b469-86804d0ce477" testName="AttemptCoal_BinaryDivision_Quiz_TC005 (Data Row 30)" computerName="DESKTOP-KC2OR95" duration="00:01:18.6185746" startTime="2024-06-20T14:46:42.7282032+05:00" endTime="2024-06-20T15:46:04.7363625+05:00" testType="13cdc9d9-ddb5-4fa4-a97d-d965ccfc6d4b" outcome="Passed" testListId="8c84fa94-04c1-424b-9868-57a2d4851a1d" relativeResultsDirectory="f656a606-879a-4863-ac2d-d635c639be29" />
    <UnitTestResult executionId="0c434cad-4421-4667-bb63-6005e28564f2" testId="c75ceaa7-1c6c-651a-b469-86804d0ce477" testName="AttemptCoal_BinaryDivision_Quiz_TC005 (Data Row 23)" computerName="DESKTOP-KC2OR95" duration="00:01:14.2584279" startTime="2024-06-20T14:46:42.7282032+05:00" endTime="2024-06-20T15:46:04.7363625+05:00" testType="13cdc9d9-ddb5-4fa4-a97d-d965ccfc6d4b" outcome="Passed" testListId="8c84fa94-04c1-424b-9868-57a2d4851a1d" relativeResultsDirectory="0c434cad-4421-4667-bb63-6005e28564f2" />
    <UnitTestResult executionId="03d2c541-7add-43a4-91a4-cbed257df7c3" testId="c75ceaa7-1c6c-651a-b469-86804d0ce477" testName="AttemptCoal_BinaryDivision_Quiz_TC005 (Data Row 44)" computerName="DESKTOP-KC2OR95" duration="00:01:15.7499663" startTime="2024-06-20T14:46:42.7282032+05:00" endTime="2024-06-20T15:46:04.7363625+05:00" testType="13cdc9d9-ddb5-4fa4-a97d-d965ccfc6d4b" outcome="Passed" testListId="8c84fa94-04c1-424b-9868-57a2d4851a1d" relativeResultsDirectory="03d2c541-7add-43a4-91a4-cbed257df7c3" />
    <UnitTestResult executionId="4be71901-3be5-419b-8f56-a56ff7541b09" testId="c75ceaa7-1c6c-651a-b469-86804d0ce477" testName="AttemptCoal_BinaryDivision_Quiz_TC005 (Data Row 33)" computerName="DESKTOP-KC2OR95" duration="00:01:13.9772802" startTime="2024-06-20T14:46:42.7282032+05:00" endTime="2024-06-20T15:46:04.7363625+05:00" testType="13cdc9d9-ddb5-4fa4-a97d-d965ccfc6d4b" outcome="Passed" testListId="8c84fa94-04c1-424b-9868-57a2d4851a1d" relativeResultsDirectory="4be71901-3be5-419b-8f56-a56ff7541b09" />
    <UnitTestResult executionId="b32b350b-b46e-4b7f-821d-cee72ca124ef" testId="c75ceaa7-1c6c-651a-b469-86804d0ce477" testName="AttemptCoal_BinaryDivision_Quiz_TC005 (Data Row 12)" computerName="DESKTOP-KC2OR95" duration="00:01:15.2729171" startTime="2024-06-20T14:46:42.7282032+05:00" endTime="2024-06-20T15:46:04.7363625+05:00" testType="13cdc9d9-ddb5-4fa4-a97d-d965ccfc6d4b" outcome="Passed" testListId="8c84fa94-04c1-424b-9868-57a2d4851a1d" relativeResultsDirectory="b32b350b-b46e-4b7f-821d-cee72ca124ef" />
    <UnitTestResult executionId="d91c6377-da7f-494d-852e-940ad9fa18e0" testId="c75ceaa7-1c6c-651a-b469-86804d0ce477" testName="AttemptCoal_BinaryDivision_Quiz_TC005 (Data Row 6)" computerName="DESKTOP-KC2OR95" duration="00:01:13.5565463" startTime="2024-06-20T14:46:42.7282032+05:00" endTime="2024-06-20T15:46:04.7363625+05:00" testType="13cdc9d9-ddb5-4fa4-a97d-d965ccfc6d4b" outcome="Passed" testListId="8c84fa94-04c1-424b-9868-57a2d4851a1d" relativeResultsDirectory="d91c6377-da7f-494d-852e-940ad9fa18e0" />
    <UnitTestResult executionId="3b0efcf5-c35d-48b4-a375-e342307b73d3" testId="c75ceaa7-1c6c-651a-b469-86804d0ce477" testName="AttemptCoal_BinaryDivision_Quiz_TC005 (Data Row 4)" computerName="DESKTOP-KC2OR95" duration="00:01:14.4398251" startTime="2024-06-20T14:46:42.7282032+05:00" endTime="2024-06-20T15:46:04.7363625+05:00" testType="13cdc9d9-ddb5-4fa4-a97d-d965ccfc6d4b" outcome="Passed" testListId="8c84fa94-04c1-424b-9868-57a2d4851a1d" relativeResultsDirectory="3b0efcf5-c35d-48b4-a375-e342307b73d3" />
    <UnitTestResult executionId="73f4d23b-0ea1-482c-af57-5d768d8b4681" testId="c75ceaa7-1c6c-651a-b469-86804d0ce477" testName="AttemptCoal_BinaryDivision_Quiz_TC005 (Data Row 3)" computerName="DESKTOP-KC2OR95" duration="00:01:15.8809899" startTime="2024-06-20T14:46:42.7282032+05:00" endTime="2024-06-20T15:46:04.7363625+05:00" testType="13cdc9d9-ddb5-4fa4-a97d-d965ccfc6d4b" outcome="Passed" testListId="8c84fa94-04c1-424b-9868-57a2d4851a1d" relativeResultsDirectory="73f4d23b-0ea1-482c-af57-5d768d8b4681" />
    <UnitTestResult executionId="1b4bd1b6-4218-4408-af28-7e3f4839dbd4" testId="c75ceaa7-1c6c-651a-b469-86804d0ce477" testName="AttemptCoal_BinaryDivision_Quiz_TC005 (Data Row 16)" computerName="DESKTOP-KC2OR95" duration="00:01:14.2576975" startTime="2024-06-20T14:46:42.7282032+05:00" endTime="2024-06-20T15:46:04.7363625+05:00" testType="13cdc9d9-ddb5-4fa4-a97d-d965ccfc6d4b" outcome="Passed" testListId="8c84fa94-04c1-424b-9868-57a2d4851a1d" relativeResultsDirectory="1b4bd1b6-4218-4408-af28-7e3f4839dbd4" />
    <UnitTestResult executionId="5bf7b3f6-c0e4-42df-9ec7-3ae9858e7c9f" testId="c75ceaa7-1c6c-651a-b469-86804d0ce477" testName="AttemptCoal_BinaryDivision_Quiz_TC005 (Data Row 26)" computerName="DESKTOP-KC2OR95" duration="00:01:13.8472702" startTime="2024-06-20T14:46:42.7282032+05:00" endTime="2024-06-20T15:46:04.7363625+05:00" testType="13cdc9d9-ddb5-4fa4-a97d-d965ccfc6d4b" outcome="Passed" testListId="8c84fa94-04c1-424b-9868-57a2d4851a1d" relativeResultsDirectory="5bf7b3f6-c0e4-42df-9ec7-3ae9858e7c9f" />
    <UnitTestResult executionId="771310b8-2a49-4ba4-bd90-38f0a1e3cfd5" testId="c75ceaa7-1c6c-651a-b469-86804d0ce477" testName="AttemptCoal_BinaryDivision_Quiz_TC005 (Data Row 11)" computerName="DESKTOP-KC2OR95" duration="00:01:14.8925297" startTime="2024-06-20T14:46:42.7282032+05:00" endTime="2024-06-20T15:46:04.7363625+05:00" testType="13cdc9d9-ddb5-4fa4-a97d-d965ccfc6d4b" outcome="Passed" testListId="8c84fa94-04c1-424b-9868-57a2d4851a1d" relativeResultsDirectory="771310b8-2a49-4ba4-bd90-38f0a1e3cfd5" />
    <UnitTestResult executionId="43e2d183-4b0e-4301-8af7-7fe4046bdbcf" testId="c75ceaa7-1c6c-651a-b469-86804d0ce477" testName="AttemptCoal_BinaryDivision_Quiz_TC005 (Data Row 36)" computerName="DESKTOP-KC2OR95" duration="00:01:14.1499046" startTime="2024-06-20T14:46:42.7282032+05:00" endTime="2024-06-20T15:46:04.7363625+05:00" testType="13cdc9d9-ddb5-4fa4-a97d-d965ccfc6d4b" outcome="Passed" testListId="8c84fa94-04c1-424b-9868-57a2d4851a1d" relativeResultsDirectory="43e2d183-4b0e-4301-8af7-7fe4046bdbcf" />
    <UnitTestResult executionId="dcff6592-ff24-4c30-881f-e2bc084a56ad" testId="c75ceaa7-1c6c-651a-b469-86804d0ce477" testName="AttemptCoal_BinaryDivision_Quiz_TC005 (Data Row 19)" computerName="DESKTOP-KC2OR95" duration="00:01:16.3620630" startTime="2024-06-20T14:46:42.7282032+05:00" endTime="2024-06-20T15:46:04.7363625+05:00" testType="13cdc9d9-ddb5-4fa4-a97d-d965ccfc6d4b" outcome="Passed" testListId="8c84fa94-04c1-424b-9868-57a2d4851a1d" relativeResultsDirectory="dcff6592-ff24-4c30-881f-e2bc084a56ad" />
    <UnitTestResult executionId="43c39437-50fb-455c-a96a-cd44451f8284" testId="c75ceaa7-1c6c-651a-b469-86804d0ce477" testName="AttemptCoal_BinaryDivision_Quiz_TC005 (Data Row 15)" computerName="DESKTOP-KC2OR95" duration="00:01:14.8149351" startTime="2024-06-20T14:46:42.7282032+05:00" endTime="2024-06-20T15:46:04.7363625+05:00" testType="13cdc9d9-ddb5-4fa4-a97d-d965ccfc6d4b" outcome="Passed" testListId="8c84fa94-04c1-424b-9868-57a2d4851a1d" relativeResultsDirectory="43c39437-50fb-455c-a96a-cd44451f8284" />
    <UnitTestResult executionId="ee622180-91ae-4424-9fe7-eef29784d162" testId="c75ceaa7-1c6c-651a-b469-86804d0ce477" testName="AttemptCoal_BinaryDivision_Quiz_TC005 (Data Row 27)" computerName="DESKTOP-KC2OR95" duration="00:01:15.2679071" startTime="2024-06-20T14:46:42.7282032+05:00" endTime="2024-06-20T15:46:04.7363625+05:00" testType="13cdc9d9-ddb5-4fa4-a97d-d965ccfc6d4b" outcome="Passed" testListId="8c84fa94-04c1-424b-9868-57a2d4851a1d" relativeResultsDirectory="ee622180-91ae-4424-9fe7-eef29784d162" />
    <UnitTestResult executionId="8a56495e-8888-4b93-b28c-f589efa5d91f" testId="c75ceaa7-1c6c-651a-b469-86804d0ce477" testName="AttemptCoal_BinaryDivision_Quiz_TC005 (Data Row 29)" computerName="DESKTOP-KC2OR95" duration="00:01:18.2461690" startTime="2024-06-20T14:46:42.7282032+05:00" endTime="2024-06-20T15:46:04.7363625+05:00" testType="13cdc9d9-ddb5-4fa4-a97d-d965ccfc6d4b" outcome="Passed" testListId="8c84fa94-04c1-424b-9868-57a2d4851a1d" relativeResultsDirectory="8a56495e-8888-4b93-b28c-f589efa5d91f" />
    <UnitTestResult executionId="14636004-b6a0-4990-9f54-fa41b9d902d8" testId="c75ceaa7-1c6c-651a-b469-86804d0ce477" testName="AttemptCoal_BinaryDivision_Quiz_TC005 (Data Row 5)" computerName="DESKTOP-KC2OR95" duration="00:01:14.2051523" startTime="2024-06-20T14:46:42.7282032+05:00" endTime="2024-06-20T15:46:04.7363625+05:00" testType="13cdc9d9-ddb5-4fa4-a97d-d965ccfc6d4b" outcome="Passed" testListId="8c84fa94-04c1-424b-9868-57a2d4851a1d" relativeResultsDirectory="14636004-b6a0-4990-9f54-fa41b9d902d8" />
    <UnitTestResult executionId="59b5f694-e4ce-489a-aa86-a9c777b9eac1" testId="c75ceaa7-1c6c-651a-b469-86804d0ce477" testName="AttemptCoal_BinaryDivision_Quiz_TC005 (Data Row 17)" computerName="DESKTOP-KC2OR95" duration="00:01:13.2606573" startTime="2024-06-20T14:46:42.7282032+05:00" endTime="2024-06-20T15:46:04.7363625+05:00" testType="13cdc9d9-ddb5-4fa4-a97d-d965ccfc6d4b" outcome="Passed" testListId="8c84fa94-04c1-424b-9868-57a2d4851a1d" relativeResultsDirectory="59b5f694-e4ce-489a-aa86-a9c777b9eac1" />
    <UnitTestResult executionId="94ad9dee-4b8f-4202-b1a1-87a96a6e2c9e" testId="c75ceaa7-1c6c-651a-b469-86804d0ce477" testName="AttemptCoal_BinaryDivision_Quiz_TC005 (Data Row 9)" computerName="DESKTOP-KC2OR95" duration="00:01:13.3595495" startTime="2024-06-20T14:46:42.7282032+05:00" endTime="2024-06-20T15:46:04.7363625+05:00" testType="13cdc9d9-ddb5-4fa4-a97d-d965ccfc6d4b" outcome="Passed" testListId="8c84fa94-04c1-424b-9868-57a2d4851a1d" relativeResultsDirectory="94ad9dee-4b8f-4202-b1a1-87a96a6e2c9e" />
    <UnitTestResult executionId="9d81eaa6-64a6-4b8a-aa7f-dc0b2e6bcc95" testId="c75ceaa7-1c6c-651a-b469-86804d0ce477" testName="AttemptCoal_BinaryDivision_Quiz_TC005 (Data Row 22)" computerName="DESKTOP-KC2OR95" duration="00:01:15.0883998" startTime="2024-06-20T14:46:42.7282032+05:00" endTime="2024-06-20T15:46:04.7363625+05:00" testType="13cdc9d9-ddb5-4fa4-a97d-d965ccfc6d4b" outcome="Passed" testListId="8c84fa94-04c1-424b-9868-57a2d4851a1d" relativeResultsDirectory="9d81eaa6-64a6-4b8a-aa7f-dc0b2e6bcc95" />
    <UnitTestResult executionId="d892f6fa-7772-4ace-ab05-17edc665a842" testId="c75ceaa7-1c6c-651a-b469-86804d0ce477" testName="AttemptCoal_BinaryDivision_Quiz_TC005 (Data Row 40)" computerName="DESKTOP-KC2OR95" duration="00:01:14.6063550" startTime="2024-06-20T14:46:42.7282032+05:00" endTime="2024-06-20T15:46:04.7363625+05:00" testType="13cdc9d9-ddb5-4fa4-a97d-d965ccfc6d4b" outcome="Passed" testListId="8c84fa94-04c1-424b-9868-57a2d4851a1d" relativeResultsDirectory="d892f6fa-7772-4ace-ab05-17edc665a842" />
    <UnitTestResult executionId="461dafb9-20b0-4ca7-9272-adce29affef2" testId="c75ceaa7-1c6c-651a-b469-86804d0ce477" testName="AttemptCoal_BinaryDivision_Quiz_TC005 (Data Row 41)" computerName="DESKTOP-KC2OR95" duration="00:01:15.4433625" startTime="2024-06-20T14:46:42.7282032+05:00" endTime="2024-06-20T15:46:04.7363625+05:00" testType="13cdc9d9-ddb5-4fa4-a97d-d965ccfc6d4b" outcome="Passed" testListId="8c84fa94-04c1-424b-9868-57a2d4851a1d" relativeResultsDirectory="461dafb9-20b0-4ca7-9272-adce29affef2" />
    <UnitTestResult executionId="58a8bcf3-6e36-4f08-bffd-05cee4fc3e67" testId="c75ceaa7-1c6c-651a-b469-86804d0ce477" testName="AttemptCoal_BinaryDivision_Quiz_TC005 (Data Row 20)" computerName="DESKTOP-KC2OR95" duration="00:01:14.1505333" startTime="2024-06-20T14:46:42.7282032+05:00" endTime="2024-06-20T15:46:04.7363625+05:00" testType="13cdc9d9-ddb5-4fa4-a97d-d965ccfc6d4b" outcome="Passed" testListId="8c84fa94-04c1-424b-9868-57a2d4851a1d" relativeResultsDirectory="58a8bcf3-6e36-4f08-bffd-05cee4fc3e67" />
    <UnitTestResult executionId="fb8c18b7-2d9c-4623-ba6a-1f84a7c27b67" testId="c75ceaa7-1c6c-651a-b469-86804d0ce477" testName="AttemptCoal_BinaryDivision_Quiz_TC005 (Data Row 2)" computerName="DESKTOP-KC2OR95" duration="00:01:37.8324065" startTime="2024-06-20T14:46:42.7282032+05:00" endTime="2024-06-20T15:46:04.7363625+05:00" testType="13cdc9d9-ddb5-4fa4-a97d-d965ccfc6d4b" outcome="Passed" testListId="8c84fa94-04c1-424b-9868-57a2d4851a1d" relativeResultsDirectory="fb8c18b7-2d9c-4623-ba6a-1f84a7c27b67" />
    <UnitTestResult executionId="c9ecd30e-4293-4505-8294-cc284f954592" testId="c75ceaa7-1c6c-651a-b469-86804d0ce477" testName="AttemptCoal_BinaryDivision_Quiz_TC005 (Data Row 43)" computerName="DESKTOP-KC2OR95" duration="00:01:14.9342835" startTime="2024-06-20T14:46:42.7282032+05:00" endTime="2024-06-20T15:46:04.7363625+05:00" testType="13cdc9d9-ddb5-4fa4-a97d-d965ccfc6d4b" outcome="Passed" testListId="8c84fa94-04c1-424b-9868-57a2d4851a1d" relativeResultsDirectory="c9ecd30e-4293-4505-8294-cc284f954592" />
    <UnitTestResult executionId="28925a62-2871-42d5-9f40-a25bd74d4f63" testId="c75ceaa7-1c6c-651a-b469-86804d0ce477" testName="AttemptCoal_BinaryDivision_Quiz_TC005 (Data Row 0)" computerName="DESKTOP-KC2OR95" duration="00:01:17.2255649" startTime="2024-06-20T14:46:42.7282032+05:00" endTime="2024-06-20T15:46:04.7363625+05:00" testType="13cdc9d9-ddb5-4fa4-a97d-d965ccfc6d4b" outcome="Passed" testListId="8c84fa94-04c1-424b-9868-57a2d4851a1d" relativeResultsDirectory="28925a62-2871-42d5-9f40-a25bd74d4f63" />
    <UnitTestResult executionId="b4165a8e-7664-4b28-9d19-483a3c198774" testId="c75ceaa7-1c6c-651a-b469-86804d0ce477" testName="AttemptCoal_BinaryDivision_Quiz_TC005 (Data Row 21)" computerName="DESKTOP-KC2OR95" duration="00:01:13.5443238" startTime="2024-06-20T14:46:42.7282032+05:00" endTime="2024-06-20T15:46:04.7363625+05:00" testType="13cdc9d9-ddb5-4fa4-a97d-d965ccfc6d4b" outcome="Passed" testListId="8c84fa94-04c1-424b-9868-57a2d4851a1d" relativeResultsDirectory="b4165a8e-7664-4b28-9d19-483a3c198774" />
    <UnitTestResult executionId="a7b31b65-b420-49e2-b1b6-0883bc8c1708" testId="c75ceaa7-1c6c-651a-b469-86804d0ce477" testName="AttemptCoal_BinaryDivision_Quiz_TC005 (Data Row 25)" computerName="DESKTOP-KC2OR95" duration="00:01:14.8054022" startTime="2024-06-20T14:46:42.7282032+05:00" endTime="2024-06-20T15:46:04.7363625+05:00" testType="13cdc9d9-ddb5-4fa4-a97d-d965ccfc6d4b" outcome="Passed" testListId="8c84fa94-04c1-424b-9868-57a2d4851a1d" relativeResultsDirectory="a7b31b65-b420-49e2-b1b6-0883bc8c1708" />
    <UnitTestResult executionId="6e7c9e6b-4b91-4236-8a91-1c3d58b6de9d" testId="c75ceaa7-1c6c-651a-b469-86804d0ce477" testName="AttemptCoal_BinaryDivision_Quiz_TC005 (Data Row 24)" computerName="DESKTOP-KC2OR95" duration="00:01:14.2560499" startTime="2024-06-20T14:46:42.7282032+05:00" endTime="2024-06-20T15:46:04.7363625+05:00" testType="13cdc9d9-ddb5-4fa4-a97d-d965ccfc6d4b" outcome="Passed" testListId="8c84fa94-04c1-424b-9868-57a2d4851a1d" relativeResultsDirectory="6e7c9e6b-4b91-4236-8a91-1c3d58b6de9d" />
    <UnitTestResult executionId="e228a91d-5570-4f1c-8df2-f15e158cc167" testId="c75ceaa7-1c6c-651a-b469-86804d0ce477" testName="AttemptCoal_BinaryDivision_Quiz_TC005 (Data Row 34)" computerName="DESKTOP-KC2OR95" duration="00:01:14.5634404" startTime="2024-06-20T14:46:42.7282032+05:00" endTime="2024-06-20T15:46:04.7363625+05:00" testType="13cdc9d9-ddb5-4fa4-a97d-d965ccfc6d4b" outcome="Passed" testListId="8c84fa94-04c1-424b-9868-57a2d4851a1d" relativeResultsDirectory="e228a91d-5570-4f1c-8df2-f15e158cc167" />
    <UnitTestResult executionId="b620300e-2768-4423-b7b9-2c547b037d78" testId="c75ceaa7-1c6c-651a-b469-86804d0ce477" testName="AttemptCoal_BinaryDivision_Quiz_TC005 (Data Row 32)" computerName="DESKTOP-KC2OR95" duration="00:01:11.5905189" startTime="2024-06-20T14:46:42.7282032+05:00" endTime="2024-06-20T15:46:04.7363625+05:00" testType="13cdc9d9-ddb5-4fa4-a97d-d965ccfc6d4b" outcome="Passed" testListId="8c84fa94-04c1-424b-9868-57a2d4851a1d" relativeResultsDirectory="b620300e-2768-4423-b7b9-2c547b037d78" />
    <UnitTestResult executionId="05600b27-bcc5-4c76-842c-15eb0fb592d9" testId="c75ceaa7-1c6c-651a-b469-86804d0ce477" testName="AttemptCoal_BinaryDivision_Quiz_TC005 (Data Row 10)" computerName="DESKTOP-KC2OR95" duration="00:01:15.7350852" startTime="2024-06-20T14:46:42.7282032+05:00" endTime="2024-06-20T15:46:04.7363625+05:00" testType="13cdc9d9-ddb5-4fa4-a97d-d965ccfc6d4b" outcome="Passed" testListId="8c84fa94-04c1-424b-9868-57a2d4851a1d" relativeResultsDirectory="05600b27-bcc5-4c76-842c-15eb0fb592d9" />
    <UnitTestResult executionId="b1a9d06d-b43f-4b6b-9ae2-b8c8928c9b18" testId="c75ceaa7-1c6c-651a-b469-86804d0ce477" testName="AttemptCoal_BinaryDivision_Quiz_TC005 (Data Row 7)" computerName="DESKTOP-KC2OR95" duration="00:01:16.2440966" startTime="2024-06-20T14:46:42.7282032+05:00" endTime="2024-06-20T15:46:04.7363625+05:00" testType="13cdc9d9-ddb5-4fa4-a97d-d965ccfc6d4b" outcome="Passed" testListId="8c84fa94-04c1-424b-9868-57a2d4851a1d" relativeResultsDirectory="b1a9d06d-b43f-4b6b-9ae2-b8c8928c9b18" />
    <UnitTestResult executionId="dbe91322-4e50-49aa-a2de-d725e4c9b226" testId="c75ceaa7-1c6c-651a-b469-86804d0ce477" testName="AttemptCoal_BinaryDivision_Quiz_TC005 (Data Row 18)" computerName="DESKTOP-KC2OR95" duration="00:01:14.2530734" startTime="2024-06-20T14:46:42.7282032+05:00" endTime="2024-06-20T15:46:04.7363625+05:00" testType="13cdc9d9-ddb5-4fa4-a97d-d965ccfc6d4b" outcome="Passed" testListId="8c84fa94-04c1-424b-9868-57a2d4851a1d" relativeResultsDirectory="dbe91322-4e50-49aa-a2de-d725e4c9b226" />
    <UnitTestResult executionId="bdf92a39-35eb-42d7-a2d5-2f4c76f38617" testId="c75ceaa7-1c6c-651a-b469-86804d0ce477" testName="AttemptCoal_BinaryDivision_Quiz_TC005 (Data Row 14)" computerName="DESKTOP-KC2OR95" duration="00:01:16.3720966" startTime="2024-06-20T14:46:42.7282032+05:00" endTime="2024-06-20T15:46:04.7363625+05:00" testType="13cdc9d9-ddb5-4fa4-a97d-d965ccfc6d4b" outcome="Passed" testListId="8c84fa94-04c1-424b-9868-57a2d4851a1d" relativeResultsDirectory="bdf92a39-35eb-42d7-a2d5-2f4c76f38617" />
    <UnitTestResult executionId="8248a8ba-75e2-4c1f-895e-e87c05b8f04c" testId="c75ceaa7-1c6c-651a-b469-86804d0ce477" testName="AttemptCoal_BinaryDivision_Quiz_TC005 (Data Row 8)" computerName="DESKTOP-KC2OR95" duration="00:01:15.2863276" startTime="2024-06-20T14:46:42.7282032+05:00" endTime="2024-06-20T15:46:04.7363625+05:00" testType="13cdc9d9-ddb5-4fa4-a97d-d965ccfc6d4b" outcome="Passed" testListId="8c84fa94-04c1-424b-9868-57a2d4851a1d" relativeResultsDirectory="8248a8ba-75e2-4c1f-895e-e87c05b8f04c" />
    <UnitTestResult executionId="0fb5b00a-4846-4fb4-81a2-b5c9ff43a40f" testId="c75ceaa7-1c6c-651a-b469-86804d0ce477" testName="AttemptCoal_BinaryDivision_Quiz_TC005 (Data Row 38)" computerName="DESKTOP-KC2OR95" duration="00:01:13.8050284" startTime="2024-06-20T14:46:42.7282032+05:00" endTime="2024-06-20T15:46:04.7363625+05:00" testType="13cdc9d9-ddb5-4fa4-a97d-d965ccfc6d4b" outcome="Passed" testListId="8c84fa94-04c1-424b-9868-57a2d4851a1d" relativeResultsDirectory="0fb5b00a-4846-4fb4-81a2-b5c9ff43a40f" />
    <UnitTestResult executionId="9907d666-378a-444c-bf22-4703d7c6d9d6" testId="c75ceaa7-1c6c-651a-b469-86804d0ce477" testName="AttemptCoal_BinaryDivision_Quiz_TC005 (Data Row 1)" computerName="DESKTOP-KC2OR95" duration="00:01:23.7469755" startTime="2024-06-20T14:46:42.7282032+05:00" endTime="2024-06-20T15:46:04.7363625+05:00" testType="13cdc9d9-ddb5-4fa4-a97d-d965ccfc6d4b" outcome="Passed" testListId="8c84fa94-04c1-424b-9868-57a2d4851a1d" relativeResultsDirectory="9907d666-378a-444c-bf22-4703d7c6d9d6" />
    <UnitTestResult executionId="243eb492-900e-4cb2-be1e-d040454a5fb9" testId="c75ceaa7-1c6c-651a-b469-86804d0ce477" testName="AttemptCoal_BinaryDivision_Quiz_TC005 (Data Row 31)" computerName="DESKTOP-KC2OR95" duration="00:01:15.5307231" startTime="2024-06-20T14:46:42.7282032+05:00" endTime="2024-06-20T15:46:04.7363625+05:00" testType="13cdc9d9-ddb5-4fa4-a97d-d965ccfc6d4b" outcome="Passed" testListId="8c84fa94-04c1-424b-9868-57a2d4851a1d" relativeResultsDirectory="243eb492-900e-4cb2-be1e-d040454a5fb9" />
    <UnitTestResult executionId="f148c635-d170-494d-b2bb-ab877170912d" testId="c75ceaa7-1c6c-651a-b469-86804d0ce477" testName="AttemptCoal_BinaryDivision_Quiz_TC005 (Data Row 42)" computerName="DESKTOP-KC2OR95" duration="00:01:15.3355606" startTime="2024-06-20T14:46:42.7282032+05:00" endTime="2024-06-20T15:46:04.7363625+05:00" testType="13cdc9d9-ddb5-4fa4-a97d-d965ccfc6d4b" outcome="Passed" testListId="8c84fa94-04c1-424b-9868-57a2d4851a1d" relativeResultsDirectory="f148c635-d170-494d-b2bb-ab877170912d" />
    <UnitTestResult executionId="cbd3c5d5-27b5-4cd0-a83f-bcea90184395" testId="c75ceaa7-1c6c-651a-b469-86804d0ce477" testName="AttemptCoal_BinaryDivision_Quiz_TC005 (Data Row 45)" computerName="DESKTOP-KC2OR95" duration="00:01:17.5744573" startTime="2024-06-20T14:46:42.7282032+05:00" endTime="2024-06-20T15:46:04.7363625+05:00" testType="13cdc9d9-ddb5-4fa4-a97d-d965ccfc6d4b" outcome="Passed" testListId="8c84fa94-04c1-424b-9868-57a2d4851a1d" relativeResultsDirectory="cbd3c5d5-27b5-4cd0-a83f-bcea90184395" />
    <UnitTestResult executionId="24926579-281e-431e-b03f-186c3ca838f5" testId="c75ceaa7-1c6c-651a-b469-86804d0ce477" testName="AttemptCoal_BinaryDivision_Quiz_TC005 (Data Row 37)" computerName="DESKTOP-KC2OR95" duration="00:01:16.8765412" startTime="2024-06-20T14:46:42.7282032+05:00" endTime="2024-06-20T15:46:04.7363625+05:00" testType="13cdc9d9-ddb5-4fa4-a97d-d965ccfc6d4b" outcome="Passed" testListId="8c84fa94-04c1-424b-9868-57a2d4851a1d" relativeResultsDirectory="24926579-281e-431e-b03f-186c3ca838f5" />
    <UnitTestResult executionId="eda6e4e9-18f3-42ce-91a9-43c4ce3ee1bd" testId="c75ceaa7-1c6c-651a-b469-86804d0ce477" testName="AttemptCoal_BinaryDivision_Quiz_TC005 (Data Row 35)" computerName="DESKTOP-KC2OR95" duration="00:01:14.3456143" startTime="2024-06-20T14:46:42.7282032+05:00" endTime="2024-06-20T15:46:04.7363625+05:00" testType="13cdc9d9-ddb5-4fa4-a97d-d965ccfc6d4b" outcome="Passed" testListId="8c84fa94-04c1-424b-9868-57a2d4851a1d" relativeResultsDirectory="eda6e4e9-18f3-42ce-91a9-43c4ce3ee1bd" />
    <UnitTestResult executionId="8d4d20a8-6260-43c7-9487-8192e7defe17" testId="c75ceaa7-1c6c-651a-b469-86804d0ce477" testName="AttemptCoal_BinaryDivision_Quiz_TC005 (Data Row 46)" computerName="DESKTOP-KC2OR95" duration="00:01:18.2426336" startTime="2024-06-20T14:46:42.7282032+05:00" endTime="2024-06-20T15:46:04.7363625+05:00" testType="13cdc9d9-ddb5-4fa4-a97d-d965ccfc6d4b" outcome="Passed" testListId="8c84fa94-04c1-424b-9868-57a2d4851a1d" relativeResultsDirectory="8d4d20a8-6260-43c7-9487-8192e7defe17" />
    <UnitTestResult executionId="4cc7ea4f-6381-4fcd-9cee-a4b7c8172556" testId="c75ceaa7-1c6c-651a-b469-86804d0ce477" testName="AttemptCoal_BinaryDivision_Quiz_TC005 (Data Row 28)" computerName="DESKTOP-KC2OR95" duration="00:01:13.1598100" startTime="2024-06-20T14:46:42.7282032+05:00" endTime="2024-06-20T15:46:04.7363625+05:00" testType="13cdc9d9-ddb5-4fa4-a97d-d965ccfc6d4b" outcome="Passed" testListId="8c84fa94-04c1-424b-9868-57a2d4851a1d" relativeResultsDirectory="4cc7ea4f-6381-4fcd-9cee-a4b7c8172556" />
    <UnitTestResult executionId="096ea3ca-6a6a-4bb6-ad5b-490f87a80619" testId="c75ceaa7-1c6c-651a-b469-86804d0ce477" testName="AttemptCoal_BinaryDivision_Quiz_TC005 (Data Row 39)" computerName="DESKTOP-KC2OR95" duration="00:01:18.0734565" startTime="2024-06-20T14:46:42.7282032+05:00" endTime="2024-06-20T15:46:04.7363625+05:00" testType="13cdc9d9-ddb5-4fa4-a97d-d965ccfc6d4b" outcome="Passed" testListId="8c84fa94-04c1-424b-9868-57a2d4851a1d" relativeResultsDirectory="096ea3ca-6a6a-4bb6-ad5b-490f87a80619" />
  </Results>
  <TestDefinitions>
    <UnitTest name="AttemptCoal_BinaryDivision_Quiz_TC005" storage="c:\users\zainm\source\repos\quizportal\quizportal\bin\debug\quizportal.dll" id="c75ceaa7-1c6c-651a-b469-86804d0ce477">
      <TestCategory>
        <TestCategoryItem TestCategory="Quiz_Attempt" />
      </TestCategory>
      <Execution id="28925a62-2871-42d5-9f40-a25bd74d4f63" />
      <TestMethod codeBase="C:\Users\Zainm\source\repos\QuizPortal\QuizPortal\bin\Debug\QuizPortal.dll" adapterTypeName="executor://mstestadapter/v2" className="QuizPortal.TestExecution" name="AttemptCoal_BinaryDivision_Quiz_TC005" />
    </UnitTest>
  </TestDefinitions>
  <TestEntries>
    <TestEntry testId="c75ceaa7-1c6c-651a-b469-86804d0ce477" executionId="7c1a2c88-c61a-454a-9f2e-5497da54536e" testListId="8c84fa94-04c1-424b-9868-57a2d4851a1d" />
    <TestEntry testId="c75ceaa7-1c6c-651a-b469-86804d0ce477" executionId="f656a606-879a-4863-ac2d-d635c639be29" testListId="8c84fa94-04c1-424b-9868-57a2d4851a1d" />
    <TestEntry testId="c75ceaa7-1c6c-651a-b469-86804d0ce477" executionId="0c434cad-4421-4667-bb63-6005e28564f2" testListId="8c84fa94-04c1-424b-9868-57a2d4851a1d" />
    <TestEntry testId="c75ceaa7-1c6c-651a-b469-86804d0ce477" executionId="03d2c541-7add-43a4-91a4-cbed257df7c3" testListId="8c84fa94-04c1-424b-9868-57a2d4851a1d" />
    <TestEntry testId="c75ceaa7-1c6c-651a-b469-86804d0ce477" executionId="4be71901-3be5-419b-8f56-a56ff7541b09" testListId="8c84fa94-04c1-424b-9868-57a2d4851a1d" />
    <TestEntry testId="c75ceaa7-1c6c-651a-b469-86804d0ce477" executionId="b32b350b-b46e-4b7f-821d-cee72ca124ef" testListId="8c84fa94-04c1-424b-9868-57a2d4851a1d" />
    <TestEntry testId="c75ceaa7-1c6c-651a-b469-86804d0ce477" executionId="d91c6377-da7f-494d-852e-940ad9fa18e0" testListId="8c84fa94-04c1-424b-9868-57a2d4851a1d" />
    <TestEntry testId="c75ceaa7-1c6c-651a-b469-86804d0ce477" executionId="3b0efcf5-c35d-48b4-a375-e342307b73d3" testListId="8c84fa94-04c1-424b-9868-57a2d4851a1d" />
    <TestEntry testId="c75ceaa7-1c6c-651a-b469-86804d0ce477" executionId="73f4d23b-0ea1-482c-af57-5d768d8b4681" testListId="8c84fa94-04c1-424b-9868-57a2d4851a1d" />
    <TestEntry testId="c75ceaa7-1c6c-651a-b469-86804d0ce477" executionId="1b4bd1b6-4218-4408-af28-7e3f4839dbd4" testListId="8c84fa94-04c1-424b-9868-57a2d4851a1d" />
    <TestEntry testId="c75ceaa7-1c6c-651a-b469-86804d0ce477" executionId="5bf7b3f6-c0e4-42df-9ec7-3ae9858e7c9f" testListId="8c84fa94-04c1-424b-9868-57a2d4851a1d" />
    <TestEntry testId="c75ceaa7-1c6c-651a-b469-86804d0ce477" executionId="771310b8-2a49-4ba4-bd90-38f0a1e3cfd5" testListId="8c84fa94-04c1-424b-9868-57a2d4851a1d" />
    <TestEntry testId="c75ceaa7-1c6c-651a-b469-86804d0ce477" executionId="43e2d183-4b0e-4301-8af7-7fe4046bdbcf" testListId="8c84fa94-04c1-424b-9868-57a2d4851a1d" />
    <TestEntry testId="c75ceaa7-1c6c-651a-b469-86804d0ce477" executionId="dcff6592-ff24-4c30-881f-e2bc084a56ad" testListId="8c84fa94-04c1-424b-9868-57a2d4851a1d" />
    <TestEntry testId="c75ceaa7-1c6c-651a-b469-86804d0ce477" executionId="43c39437-50fb-455c-a96a-cd44451f8284" testListId="8c84fa94-04c1-424b-9868-57a2d4851a1d" />
    <TestEntry testId="c75ceaa7-1c6c-651a-b469-86804d0ce477" executionId="ee622180-91ae-4424-9fe7-eef29784d162" testListId="8c84fa94-04c1-424b-9868-57a2d4851a1d" />
    <TestEntry testId="c75ceaa7-1c6c-651a-b469-86804d0ce477" executionId="8a56495e-8888-4b93-b28c-f589efa5d91f" testListId="8c84fa94-04c1-424b-9868-57a2d4851a1d" />
    <TestEntry testId="c75ceaa7-1c6c-651a-b469-86804d0ce477" executionId="14636004-b6a0-4990-9f54-fa41b9d902d8" testListId="8c84fa94-04c1-424b-9868-57a2d4851a1d" />
    <TestEntry testId="c75ceaa7-1c6c-651a-b469-86804d0ce477" executionId="59b5f694-e4ce-489a-aa86-a9c777b9eac1" testListId="8c84fa94-04c1-424b-9868-57a2d4851a1d" />
    <TestEntry testId="c75ceaa7-1c6c-651a-b469-86804d0ce477" executionId="94ad9dee-4b8f-4202-b1a1-87a96a6e2c9e" testListId="8c84fa94-04c1-424b-9868-57a2d4851a1d" />
    <TestEntry testId="c75ceaa7-1c6c-651a-b469-86804d0ce477" executionId="9d81eaa6-64a6-4b8a-aa7f-dc0b2e6bcc95" testListId="8c84fa94-04c1-424b-9868-57a2d4851a1d" />
    <TestEntry testId="c75ceaa7-1c6c-651a-b469-86804d0ce477" executionId="d892f6fa-7772-4ace-ab05-17edc665a842" testListId="8c84fa94-04c1-424b-9868-57a2d4851a1d" />
    <TestEntry testId="c75ceaa7-1c6c-651a-b469-86804d0ce477" executionId="461dafb9-20b0-4ca7-9272-adce29affef2" testListId="8c84fa94-04c1-424b-9868-57a2d4851a1d" />
    <TestEntry testId="c75ceaa7-1c6c-651a-b469-86804d0ce477" executionId="58a8bcf3-6e36-4f08-bffd-05cee4fc3e67" testListId="8c84fa94-04c1-424b-9868-57a2d4851a1d" />
    <TestEntry testId="c75ceaa7-1c6c-651a-b469-86804d0ce477" executionId="fb8c18b7-2d9c-4623-ba6a-1f84a7c27b67" testListId="8c84fa94-04c1-424b-9868-57a2d4851a1d" />
    <TestEntry testId="c75ceaa7-1c6c-651a-b469-86804d0ce477" executionId="c9ecd30e-4293-4505-8294-cc284f954592" testListId="8c84fa94-04c1-424b-9868-57a2d4851a1d" />
    <TestEntry testId="c75ceaa7-1c6c-651a-b469-86804d0ce477" executionId="28925a62-2871-42d5-9f40-a25bd74d4f63" testListId="8c84fa94-04c1-424b-9868-57a2d4851a1d" />
    <TestEntry testId="c75ceaa7-1c6c-651a-b469-86804d0ce477" executionId="b4165a8e-7664-4b28-9d19-483a3c198774" testListId="8c84fa94-04c1-424b-9868-57a2d4851a1d" />
    <TestEntry testId="c75ceaa7-1c6c-651a-b469-86804d0ce477" executionId="a7b31b65-b420-49e2-b1b6-0883bc8c1708" testListId="8c84fa94-04c1-424b-9868-57a2d4851a1d" />
    <TestEntry testId="c75ceaa7-1c6c-651a-b469-86804d0ce477" executionId="6e7c9e6b-4b91-4236-8a91-1c3d58b6de9d" testListId="8c84fa94-04c1-424b-9868-57a2d4851a1d" />
    <TestEntry testId="c75ceaa7-1c6c-651a-b469-86804d0ce477" executionId="e228a91d-5570-4f1c-8df2-f15e158cc167" testListId="8c84fa94-04c1-424b-9868-57a2d4851a1d" />
    <TestEntry testId="c75ceaa7-1c6c-651a-b469-86804d0ce477" executionId="b620300e-2768-4423-b7b9-2c547b037d78" testListId="8c84fa94-04c1-424b-9868-57a2d4851a1d" />
    <TestEntry testId="c75ceaa7-1c6c-651a-b469-86804d0ce477" executionId="05600b27-bcc5-4c76-842c-15eb0fb592d9" testListId="8c84fa94-04c1-424b-9868-57a2d4851a1d" />
    <TestEntry testId="c75ceaa7-1c6c-651a-b469-86804d0ce477" executionId="b1a9d06d-b43f-4b6b-9ae2-b8c8928c9b18" testListId="8c84fa94-04c1-424b-9868-57a2d4851a1d" />
    <TestEntry testId="c75ceaa7-1c6c-651a-b469-86804d0ce477" executionId="dbe91322-4e50-49aa-a2de-d725e4c9b226" testListId="8c84fa94-04c1-424b-9868-57a2d4851a1d" />
    <TestEntry testId="c75ceaa7-1c6c-651a-b469-86804d0ce477" executionId="bdf92a39-35eb-42d7-a2d5-2f4c76f38617" testListId="8c84fa94-04c1-424b-9868-57a2d4851a1d" />
    <TestEntry testId="c75ceaa7-1c6c-651a-b469-86804d0ce477" executionId="8248a8ba-75e2-4c1f-895e-e87c05b8f04c" testListId="8c84fa94-04c1-424b-9868-57a2d4851a1d" />
    <TestEntry testId="c75ceaa7-1c6c-651a-b469-86804d0ce477" executionId="0fb5b00a-4846-4fb4-81a2-b5c9ff43a40f" testListId="8c84fa94-04c1-424b-9868-57a2d4851a1d" />
    <TestEntry testId="c75ceaa7-1c6c-651a-b469-86804d0ce477" executionId="9907d666-378a-444c-bf22-4703d7c6d9d6" testListId="8c84fa94-04c1-424b-9868-57a2d4851a1d" />
    <TestEntry testId="c75ceaa7-1c6c-651a-b469-86804d0ce477" executionId="243eb492-900e-4cb2-be1e-d040454a5fb9" testListId="8c84fa94-04c1-424b-9868-57a2d4851a1d" />
    <TestEntry testId="c75ceaa7-1c6c-651a-b469-86804d0ce477" executionId="f148c635-d170-494d-b2bb-ab877170912d" testListId="8c84fa94-04c1-424b-9868-57a2d4851a1d" />
    <TestEntry testId="c75ceaa7-1c6c-651a-b469-86804d0ce477" executionId="cbd3c5d5-27b5-4cd0-a83f-bcea90184395" testListId="8c84fa94-04c1-424b-9868-57a2d4851a1d" />
    <TestEntry testId="c75ceaa7-1c6c-651a-b469-86804d0ce477" executionId="24926579-281e-431e-b03f-186c3ca838f5" testListId="8c84fa94-04c1-424b-9868-57a2d4851a1d" />
    <TestEntry testId="c75ceaa7-1c6c-651a-b469-86804d0ce477" executionId="eda6e4e9-18f3-42ce-91a9-43c4ce3ee1bd" testListId="8c84fa94-04c1-424b-9868-57a2d4851a1d" />
    <TestEntry testId="c75ceaa7-1c6c-651a-b469-86804d0ce477" executionId="8d4d20a8-6260-43c7-9487-8192e7defe17" testListId="8c84fa94-04c1-424b-9868-57a2d4851a1d" />
    <TestEntry testId="c75ceaa7-1c6c-651a-b469-86804d0ce477" executionId="4cc7ea4f-6381-4fcd-9cee-a4b7c8172556" testListId="8c84fa94-04c1-424b-9868-57a2d4851a1d" />
    <TestEntry testId="c75ceaa7-1c6c-651a-b469-86804d0ce477" executionId="096ea3ca-6a6a-4bb6-ad5b-490f87a80619" testListId="8c84fa94-04c1-424b-9868-57a2d4851a1d" />
  </TestEntries>
  <TestLists>
    <TestList name="Results Not in a List" id="8c84fa94-04c1-424b-9868-57a2d4851a1d" />
    <TestList name="All Loaded Results" id="19431567-8539-422a-85d7-44ee4e166bda" />
  </TestLists>
  <ResultSummary outcome="Completed">
    <Counters total="47" executed="47" passed="47" failed="0" error="0" timeout="0" aborted="0" inconclusive="0" passedButRunAborted="0" notRunnable="0" notExecuted="0" disconnected="0" warning="0" completed="0" inProgress="0" pending="0" />
  </ResultSummary>
</TestRun>