<?xml version="1.0" encoding="utf-8"?>
<TestRun id="42a4de83-4417-464f-9ea5-3e06fd9c14cd" name="Zainm@DESKTOP-KC2OR95 2024-06-20 14:35:31" runUser="DESKTOP-KC2OR95\Zainm" xmlns="http://microsoft.com/schemas/VisualStudio/TeamTest/2010">
  <Times creation="2024-06-20T14:35:31.9105904+05:00" queuing="2024-06-20T14:35:31.9105904+05:00" start="2024-06-20T14:34:49.6084789+05:00" finish="2024-06-20T14:35:35.8724619+05:00" />
  <TestSettings name="default" id="a7f88a6c-2796-42d3-96f4-7197b5e99d09">
    <Deployment runDeploymentRoot="Zainm_DESKTOP-KC2OR95_2024-06-20_14_35_31" />
  </TestSettings>
  <Results>
    <UnitTestResult executionId="46696007-35c8-4319-a28f-bdb99daaa650" testId="36fa8cf7-9819-da78-46cf-8dbdf9e7eccd" testName="Attempt_To_Check_Transcript_TC007 (Data Row 0)" computerName="DESKTOP-KC2OR95" duration="00:00:40.4139027" startTime="2024-06-20T14:34:49.9551486+05:00" endTime="2024-06-20T14:35:30.4798161+05:00" testType="13cdc9d9-ddb5-4fa4-a97d-d965ccfc6d4b" outcome="Passed" testListId="8c84fa94-04c1-424b-9868-57a2d4851a1d" relativeResultsDirectory="46696007-35c8-4319-a28f-bdb99daaa650" />
  </Results>
  <TestDefinitions>
    <UnitTest name="Attempt_To_Check_Transcript_TC007" storage="c:\users\zainm\source\repos\quizportal\quizportal\bin\debug\quizportal.dll" id="36fa8cf7-9819-da78-46cf-8dbdf9e7eccd">
      <TestCategory>
        <TestCategoryItem TestCategory="As_Student_Check_Transcript" />
      </TestCategory>
      <Execution id="46696007-35c8-4319-a28f-bdb99daaa650" />
      <TestMethod codeBase="C:\Users\Zainm\source\repos\QuizPortal\QuizPortal\bin\Debug\QuizPortal.dll" adapterTypeName="executor://mstestadapter/v2" className="QuizPortal.TestExecution" name="Attempt_To_Check_Transcript_TC007" />
    </UnitTest>
  </TestDefinitions>
  <TestEntries>
    <TestEntry testId="36fa8cf7-9819-da78-46cf-8dbdf9e7eccd" executionId="46696007-35c8-4319-a28f-bdb99daaa650" testListId="8c84fa94-04c1-424b-9868-57a2d4851a1d" />
  </TestEntries>
  <TestLists>
    <TestList name="Results Not in a List" id="8c84fa94-04c1-424b-9868-57a2d4851a1d" />
    <TestList name="All Loaded Results" id="19431567-8539-422a-85d7-44ee4e166bda" />
  </TestLists>
  <ResultSummary outcome="Completed">
    <Counters total="1" executed="1" passed="1" failed="0" error="0" timeout="0" aborted="0" inconclusive="0" passedButRunAborted="0" notRunnable="0" notExecuted="0" disconnected="0" warning="0" completed="0" inProgress="0" pending="0" />
  </ResultSummary>
</TestRun>